#
# There is insufficient memory for the Java Runtime Environment to continue.
# Native memory allocation (mmap) failed to map 39845888 bytes for Failed to commit area from 0x000000074f000000 to 0x0000000751600000 of length 39845888.
# Possible reasons:
#   The system is out of physical RAM or swap space
#   The process is running with CompressedOops enabled, and the Java Heap may be blocking the growth of the native heap
# Possible solutions:
#   Reduce memory load on the system
#   Increase physical memory or swap space
#   Check if swap backing store is full
#   Decrease Java heap size (-Xmx/-Xms)
#   Decrease number of Java threads
#   Decrease Java thread stack sizes (-Xss)
#   Set larger code cache with -XX:ReservedCodeCacheSize=
#   JVM is running with Zero Based Compressed Oops mode in which the Java heap is
#     placed in the first 32GB address space. The Java Heap base address is the
#     maximum limit for the native heap growth. Please use -XX:HeapBaseMinAddress
#     to set the Java Heap base and to place the Java Heap above 32GB virtual address.
# This output file may be truncated or incomplete.
#
#  Out of Memory Error (src/hotspot/os/windows/os_windows.cpp:3627), pid=36060, tid=10988
#
# JRE version: OpenJDK Runtime Environment (11.0.15) (build 11.0.15+0-b2043.56-9505619)
# Java VM: OpenJDK 64-Bit Server VM (11.0.15+0-b2043.56-9505619, mixed mode, tiered, compressed oops, g1 gc, windows-amd64)
# No core dump will be written. Minidumps are not enabled by default on client versions of Windows
#

---------------  S U M M A R Y ------------

Command Line: org.jetbrains.kotlin.cli.jvm.K2JVMCompiler @C:\Users\adria\Proyectos\CatDogSearcher\app\build\20230809_7390687584024046597.compiler.options

Host: 11th Gen Intel(R) Core(TM) i5-1135G7 @ 2.40GHz, 8 cores, 11G,  Windows 11 , 64 bit Build 22000 (10.0.22000.1335)
Time: Wed Aug  9 12:08:01 2023 Hora estándar de Argentina elapsed time: 2.588424 seconds (0d 0h 0m 2s)

---------------  T H R E A D  ---------------

Current thread (0x00000223bf9a5800):  VMThread "VM Thread" [stack: 0x0000004ef5300000,0x0000004ef5400000] [id=10988]

Stack: [0x0000004ef5300000,0x0000004ef5400000]
[error occurred during error reporting (printing stack bounds), id 0xc0000005, EXCEPTION_ACCESS_VIOLATION (0xc0000005) at pc=0x00000223a63712e7]

Native frames: (J=compiled Java code, j=interpreted, Vv=VM code, C=native code)
V  [jvm.dll+0x64135a]
V  [jvm.dll+0x7d39f9]
V  [jvm.dll+0x7d51b9]
V  [jvm.dll+0x7d5805]
V  [jvm.dll+0x7d57bb]
V  [jvm.dll+0x640655]
V  [jvm.dll+0x640d68]
C  [ntdll.dll+0xa8b1f]
C  [ntdll.dll+0x35b9a]
C  [ntdll.dll+0xa7b2e]
C  0x00000223a63712e7

VM_Operation (0x0000004ef4df9a90): G1CollectForAllocation, mode: safepoint, requested by thread 0x00000223a2842800


---------------  P R O C E S S  ---------------

Threads class SMR info:
_java_thread_list=0x00000223bfb94bb0, length=12, elements={
0x00000223a2842800, 0x00000223bf9c8800, 0x00000223bf9cb800, 0x00000223bf9e7800,
0x00000223bf9e9000, 0x00000223bf9ed800, 0x00000223bf9ee800, 0x00000223bf9f2000,
0x00000223bfa35800, 0x00000223bfba6000, 0x00000223bfb99000, 0x00000223c45a0000
}

Java Threads: ( => current thread )
  0x00000223a2842800 JavaThread "main" [_thread_blocked, id=34904, stack(0x0000004ef4d00000,0x0000004ef4e00000)]
  0x00000223bf9c8800 JavaThread "Reference Handler" daemon [_thread_blocked, id=51928, stack(0x0000004ef5400000,0x0000004ef5500000)]
  0x00000223bf9cb800 JavaThread "Finalizer" daemon [_thread_blocked, id=49000, stack(0x0000004ef5500000,0x0000004ef5600000)]
  0x00000223bf9e7800 JavaThread "Signal Dispatcher" daemon [_thread_blocked, id=42344, stack(0x0000004ef5600000,0x0000004ef5700000)]
  0x00000223bf9e9000 JavaThread "Attach Listener" daemon [_thread_blocked, id=45020, stack(0x0000004ef5700000,0x0000004ef5800000)]
  0x00000223bf9ed800 JavaThread "Service Thread" daemon [_thread_blocked, id=34548, stack(0x0000004ef5800000,0x0000004ef5900000)]
  0x00000223bf9ee800 JavaThread "C2 CompilerThread0" daemon [_thread_in_native, id=49820, stack(0x0000004ef5900000,0x0000004ef5a00000)]
  0x00000223bf9f2000 JavaThread "C1 CompilerThread0" daemon [_thread_blocked, id=36400, stack(0x0000004ef5a00000,0x0000004ef5b00000)]
  0x00000223bfa35800 JavaThread "Sweeper thread" daemon [_thread_blocked, id=11668, stack(0x0000004ef5b00000,0x0000004ef5c00000)]
  0x00000223bfba6000 JavaThread "Common-Cleaner" daemon [_thread_blocked, id=51784, stack(0x0000004ef5d00000,0x0000004ef5e00000)]
  0x00000223bfb99000 JavaThread "C2 CompilerThread1" daemon [_thread_in_native, id=37144, stack(0x0000004ef5e00000,0x0000004ef5f00000)]
  0x00000223c45a0000 JavaThread "C2 CompilerThread2" daemon [_thread_blocked, id=44640, stack(0x0000004ef5f00000,0x0000004ef6000000)]

Other Threads:
=>0x00000223bf9a5800 VMThread "VM Thread" [stack: 0x0000004ef5300000,0x0000004ef5400000] [id=10988]
  0x00000223bfb96000 WatcherThread [stack: 0x0000004ef5c00000,0x0000004ef5d00000] [id=44056]
  0x00000223a2859000 GCTaskThread "GC Thread#0" [stack: 0x0000004ef4e00000,0x0000004ef4f00000] [id=29396]
  0x00000223c01bc000 GCTaskThread "GC Thread#1" [stack: 0x0000004ef6000000,0x0000004ef6100000] [id=47148]
  0x00000223c0068800 GCTaskThread "GC Thread#2" [stack: 0x0000004ef6100000,0x0000004ef6200000] [id=44512]
  0x00000223c03d5000 GCTaskThread "GC Thread#3" [stack: 0x0000004ef6200000,0x0000004ef6300000] [id=15608]
  0x00000223a289f800 ConcurrentGCThread "G1 Main Marker" [stack: 0x0000004ef4f00000,0x0000004ef5000000] [id=46276]
  0x00000223a28a1800 ConcurrentGCThread "G1 Conc#0" [stack: 0x0000004ef5000000,0x0000004ef5100000] [id=48648]
  0x00000223c03ec000 ConcurrentGCThread "G1 Conc#1" [stack: 0x0000004ef6300000,0x0000004ef6400000] [id=48832]
  0x00000223bf007000 ConcurrentGCThread "G1 Refine#0" [stack: 0x0000004ef5100000,0x0000004ef5200000] [id=24648]
  0x00000223bf00a000 ConcurrentGCThread "G1 Young RemSet Sampling" [stack: 0x0000004ef5200000,0x0000004ef5300000] [id=47272]

Threads with active compile tasks:
C2 CompilerThread0     2592 2911       4       jdk.internal.loader.ClassLoaders$AppClassLoader::loadClass (40 bytes)
C2 CompilerThread1     2592 2883       4       java.lang.ClassLoader::loadClass (7 bytes)
C2 CompilerThread2     2592 2980   !   4       jdk.internal.loader.BuiltinClassLoader::findClassOnClassPathOrNull (64 bytes)

VM state:at safepoint (normal execution)

VM Mutex/Monitor currently owned by a thread:  ([mutex/lock_event])
[0x00000223a283ffa0] Threads_lock - owner thread: 0x00000223bf9a5800
[0x00000223a283fc40] Heap_lock - owner thread: 0x00000223a2842800

Heap address: 0x0000000743200000, size: 3022 MB, Compressed Oops mode: Zero based, Oop shift amount: 3
Narrow klass base: 0x0000000800000000, Narrow klass shift: 0
Compressed class space size: 1073741824 Address: 0x0000000800000000

Heap:
 garbage-first heap   total 233472K, used 28059K [0x0000000743200000, 0x0000000800000000)
  region size 1024K, 7 young (7168K), 7 survivors (7168K)
 Metaspace       used 45954K, capacity 46393K, committed 46640K, reserved 1089536K
  class space    used 5399K, capacity 5603K, committed 5680K, reserved 1048576K
Heap Regions: E=young(eden), S=young(survivor), O=old, HS=humongous(starts), HC=humongous(continues), CS=collection set, F=free, A=archive, TAMS=top-at-mark-start (previous, next)
|   0|0x0000000743200000, 0x0000000743300000, 0x0000000743300000|100%|HS|  |TAMS 0x0000000743300000, 0x0000000743200000| Complete 
|   1|0x0000000743300000, 0x0000000743400000, 0x0000000743400000|100%|HC|  |TAMS 0x0000000743400000, 0x0000000743300000| Complete 
|   2|0x0000000743400000, 0x0000000743500000, 0x0000000743500000|100%|HC|  |TAMS 0x0000000743500000, 0x0000000743400000| Complete 
|   3|0x0000000743500000, 0x0000000743600000, 0x0000000743600000|100%|HC|  |TAMS 0x0000000743600000, 0x0000000743500000| Complete 
|   4|0x0000000743600000, 0x0000000743700000, 0x0000000743700000|100%|HS|  |TAMS 0x0000000743700000, 0x0000000743600000| Complete 
|   5|0x0000000743700000, 0x0000000743800000, 0x0000000743800000|100%|HC|  |TAMS 0x0000000743800000, 0x0000000743700000| Complete 
|   6|0x0000000743800000, 0x0000000743900000, 0x0000000743900000|100%|HC|  |TAMS 0x0000000743900000, 0x0000000743800000| Complete 
|   7|0x0000000743900000, 0x0000000743a00000, 0x0000000743a00000|100%|HC|  |TAMS 0x0000000743a00000, 0x0000000743900000| Complete 
|   8|0x0000000743a00000, 0x0000000743b00000, 0x0000000743b00000|100%| O|  |TAMS 0x0000000743a00000, 0x0000000743a00000| Untracked 
|   9|0x0000000743b00000, 0x0000000743c00000, 0x0000000743c00000|100%| O|  |TAMS 0x0000000743b00000, 0x0000000743b00000| Untracked 
|  10|0x0000000743c00000, 0x0000000743d00000, 0x0000000743d00000|100%| O|  |TAMS 0x0000000743d00000, 0x0000000743c00000| Untracked 
|  11|0x0000000743d00000, 0x0000000743e00000, 0x0000000743e00000|100%| O|  |TAMS 0x0000000743e00000, 0x0000000743d00000| Untracked 
|  12|0x0000000743e00000, 0x0000000743f00000, 0x0000000743f00000|100%| O|  |TAMS 0x0000000743f00000, 0x0000000743e00000| Untracked 
|  13|0x0000000743f00000, 0x0000000744000000, 0x0000000744000000|100%| O|  |TAMS 0x0000000744000000, 0x0000000743f00000| Untracked 
|  14|0x0000000744000000, 0x0000000744100000, 0x0000000744100000|100%| O|  |TAMS 0x0000000744100000, 0x0000000744000000| Untracked 
|  15|0x0000000744100000, 0x0000000744200000, 0x0000000744200000|100%| O|  |TAMS 0x0000000744200000, 0x0000000744100000| Untracked 
|  16|0x0000000744200000, 0x0000000744300000, 0x0000000744300000|100%| O|  |TAMS 0x0000000744300000, 0x0000000744200000| Untracked 
|  17|0x0000000744300000, 0x0000000744400000, 0x0000000744400000|100%| O|  |TAMS 0x00000007443bf600, 0x0000000744300000| Untracked 
|  18|0x0000000744400000, 0x0000000744500000, 0x0000000744500000|100%| O|  |TAMS 0x0000000744400000, 0x0000000744400000| Untracked 
|  19|0x0000000744500000, 0x0000000744600000, 0x0000000744600000|100%| O|  |TAMS 0x0000000744500000, 0x0000000744500000| Untracked 
|  20|0x0000000744600000, 0x0000000744671400, 0x0000000744700000| 44%| O|  |TAMS 0x0000000744600000, 0x0000000744600000| Untracked 
|  21|0x0000000744700000, 0x0000000744700000, 0x0000000744800000|  0%| F|  |TAMS 0x0000000744700000, 0x0000000744700000| Untracked 
|  22|0x0000000744800000, 0x0000000744800000, 0x0000000744900000|  0%| F|  |TAMS 0x0000000744800000, 0x0000000744800000| Untracked 
|  23|0x0000000744900000, 0x0000000744900000, 0x0000000744a00000|  0%| F|  |TAMS 0x0000000744900000, 0x0000000744900000| Untracked 
|  24|0x0000000744a00000, 0x0000000744a00000, 0x0000000744b00000|  0%| F|  |TAMS 0x0000000744a00000, 0x0000000744a00000| Untracked 
|  25|0x0000000744b00000, 0x0000000744b00000, 0x0000000744c00000|  0%| F|  |TAMS 0x0000000744b00000, 0x0000000744b00000| Untracked 
|  26|0x0000000744c00000, 0x0000000744c00000, 0x0000000744d00000|  0%| F|  |TAMS 0x0000000744c00000, 0x0000000744c00000| Untracked 
|  27|0x0000000744d00000, 0x0000000744d00000, 0x0000000744e00000|  0%| F|  |TAMS 0x0000000744d00000, 0x0000000744d00000| Untracked 
|  28|0x0000000744e00000, 0x0000000744e00000, 0x0000000744f00000|  0%| F|  |TAMS 0x0000000744e00000, 0x0000000744e00000| Untracked 
|  29|0x0000000744f00000, 0x0000000744f00000, 0x0000000745000000|  0%| F|  |TAMS 0x0000000744f00000, 0x0000000744f00000| Untracked 
|  30|0x0000000745000000, 0x0000000745000000, 0x0000000745100000|  0%| F|  |TAMS 0x0000000745000000, 0x0000000745000000| Untracked 
|  31|0x0000000745100000, 0x0000000745100000, 0x0000000745200000|  0%| F|  |TAMS 0x0000000745100000, 0x0000000745100000| Untracked 
|  32|0x0000000745200000, 0x0000000745200000, 0x0000000745300000|  0%| F|  |TAMS 0x0000000745200000, 0x0000000745200000| Untracked 
|  33|0x0000000745300000, 0x0000000745300000, 0x0000000745400000|  0%| F|  |TAMS 0x0000000745300000, 0x0000000745300000| Untracked 
|  34|0x0000000745400000, 0x0000000745400000, 0x0000000745500000|  0%| F|  |TAMS 0x0000000745400000, 0x0000000745400000| Untracked 
|  35|0x0000000745500000, 0x0000000745500000, 0x0000000745600000|  0%| F|  |TAMS 0x0000000745500000, 0x0000000745500000| Untracked 
|  36|0x0000000745600000, 0x0000000745600000, 0x0000000745700000|  0%| F|  |TAMS 0x0000000745600000, 0x0000000745600000| Untracked 
|  37|0x0000000745700000, 0x0000000745700000, 0x0000000745800000|  0%| F|  |TAMS 0x0000000745700000, 0x0000000745700000| Untracked 
|  38|0x0000000745800000, 0x0000000745800000, 0x0000000745900000|  0%| F|  |TAMS 0x0000000745800000, 0x0000000745800000| Untracked 
|  39|0x0000000745900000, 0x0000000745900000, 0x0000000745a00000|  0%| F|  |TAMS 0x0000000745900000, 0x0000000745900000| Untracked 
|  40|0x0000000745a00000, 0x0000000745a00000, 0x0000000745b00000|  0%| F|  |TAMS 0x0000000745a00000, 0x0000000745a00000| Untracked 
|  41|0x0000000745b00000, 0x0000000745b00000, 0x0000000745c00000|  0%| F|  |TAMS 0x0000000745b00000, 0x0000000745b00000| Untracked 
|  42|0x0000000745c00000, 0x0000000745c00000, 0x0000000745d00000|  0%| F|  |TAMS 0x0000000745c00000, 0x0000000745c00000| Untracked 
|  43|0x0000000745d00000, 0x0000000745d00000, 0x0000000745e00000|  0%| F|  |TAMS 0x0000000745d00000, 0x0000000745d00000| Untracked 
|  44|0x0000000745e00000, 0x0000000745e00000, 0x0000000745f00000|  0%| F|  |TAMS 0x0000000745e00000, 0x0000000745e00000| Untracked 
|  45|0x0000000745f00000, 0x0000000745f00000, 0x0000000746000000|  0%| F|  |TAMS 0x0000000745f00000, 0x0000000745f00000| Untracked 
|  46|0x0000000746000000, 0x0000000746000000, 0x0000000746100000|  0%| F|  |TAMS 0x0000000746000000, 0x0000000746000000| Untracked 
|  47|0x0000000746100000, 0x0000000746100000, 0x0000000746200000|  0%| F|  |TAMS 0x0000000746100000, 0x0000000746100000| Untracked 
|  48|0x0000000746200000, 0x0000000746200000, 0x0000000746300000|  0%| F|  |TAMS 0x0000000746200000, 0x0000000746200000| Untracked 
|  49|0x0000000746300000, 0x0000000746300000, 0x0000000746400000|  0%| F|  |TAMS 0x0000000746300000, 0x0000000746300000| Untracked 
|  50|0x0000000746400000, 0x0000000746400000, 0x0000000746500000|  0%| F|  |TAMS 0x0000000746400000, 0x0000000746400000| Untracked 
|  51|0x0000000746500000, 0x0000000746500000, 0x0000000746600000|  0%| F|  |TAMS 0x0000000746500000, 0x0000000746500000| Untracked 
|  52|0x0000000746600000, 0x0000000746600000, 0x0000000746700000|  0%| F|  |TAMS 0x0000000746600000, 0x0000000746600000| Untracked 
|  53|0x0000000746700000, 0x0000000746700000, 0x0000000746800000|  0%| F|  |TAMS 0x0000000746700000, 0x0000000746700000| Untracked 
|  54|0x0000000746800000, 0x0000000746800000, 0x0000000746900000|  0%| F|  |TAMS 0x0000000746800000, 0x0000000746800000| Untracked 
|  55|0x0000000746900000, 0x0000000746900000, 0x0000000746a00000|  0%| F|  |TAMS 0x0000000746900000, 0x0000000746900000| Untracked 
|  56|0x0000000746a00000, 0x0000000746a00000, 0x0000000746b00000|  0%| F|  |TAMS 0x0000000746a00000, 0x0000000746a00000| Untracked 
|  57|0x0000000746b00000, 0x0000000746b00000, 0x0000000746c00000|  0%| F|  |TAMS 0x0000000746b00000, 0x0000000746b00000| Untracked 
|  58|0x0000000746c00000, 0x0000000746c00000, 0x0000000746d00000|  0%| F|  |TAMS 0x0000000746c00000, 0x0000000746c00000| Untracked 
|  59|0x0000000746d00000, 0x0000000746d00000, 0x0000000746e00000|  0%| F|  |TAMS 0x0000000746d00000, 0x0000000746d00000| Untracked 
|  60|0x0000000746e00000, 0x0000000746e00000, 0x0000000746f00000|  0%| F|  |TAMS 0x0000000746e00000, 0x0000000746e00000| Untracked 
|  61|0x0000000746f00000, 0x0000000746f00000, 0x0000000747000000|  0%| F|  |TAMS 0x0000000746f00000, 0x0000000746f00000| Untracked 
|  62|0x0000000747000000, 0x0000000747000000, 0x0000000747100000|  0%| F|  |TAMS 0x0000000747000000, 0x0000000747000000| Untracked 
|  63|0x0000000747100000, 0x0000000747100000, 0x0000000747200000|  0%| F|  |TAMS 0x0000000747100000, 0x0000000747100000| Untracked 
|  64|0x0000000747200000, 0x0000000747200000, 0x0000000747300000|  0%| F|  |TAMS 0x0000000747200000, 0x0000000747200000| Untracked 
|  65|0x0000000747300000, 0x0000000747300000, 0x0000000747400000|  0%| F|  |TAMS 0x0000000747300000, 0x0000000747300000| Untracked 
|  66|0x0000000747400000, 0x0000000747400000, 0x0000000747500000|  0%| F|  |TAMS 0x0000000747400000, 0x0000000747400000| Untracked 
|  67|0x0000000747500000, 0x0000000747500000, 0x0000000747600000|  0%| F|  |TAMS 0x0000000747500000, 0x0000000747500000| Untracked 
|  68|0x0000000747600000, 0x0000000747600000, 0x0000000747700000|  0%| F|  |TAMS 0x0000000747600000, 0x0000000747600000| Untracked 
|  69|0x0000000747700000, 0x0000000747700000, 0x0000000747800000|  0%| F|  |TAMS 0x0000000747700000, 0x0000000747700000| Untracked 
|  70|0x0000000747800000, 0x0000000747800000, 0x0000000747900000|  0%| F|  |TAMS 0x0000000747800000, 0x0000000747800000| Untracked 
|  71|0x0000000747900000, 0x0000000747900000, 0x0000000747a00000|  0%| F|  |TAMS 0x0000000747900000, 0x0000000747900000| Untracked 
|  72|0x0000000747a00000, 0x0000000747a00000, 0x0000000747b00000|  0%| F|  |TAMS 0x0000000747a00000, 0x0000000747a00000| Untracked 
|  73|0x0000000747b00000, 0x0000000747b00000, 0x0000000747c00000|  0%| F|  |TAMS 0x0000000747b00000, 0x0000000747b00000| Untracked 
|  74|0x0000000747c00000, 0x0000000747c00000, 0x0000000747d00000|  0%| F|  |TAMS 0x0000000747c00000, 0x0000000747c00000| Untracked 
|  75|0x0000000747d00000, 0x0000000747d00000, 0x0000000747e00000|  0%| F|  |TAMS 0x0000000747d00000, 0x0000000747d00000| Untracked 
|  76|0x0000000747e00000, 0x0000000747e00000, 0x0000000747f00000|  0%| F|  |TAMS 0x0000000747e00000, 0x0000000747e00000| Untracked 
|  77|0x0000000747f00000, 0x0000000747f00000, 0x0000000748000000|  0%| F|  |TAMS 0x0000000747f00000, 0x0000000747f00000| Untracked 
|  78|0x0000000748000000, 0x0000000748000000, 0x0000000748100000|  0%| F|  |TAMS 0x0000000748000000, 0x0000000748000000| Untracked 
|  79|0x0000000748100000, 0x0000000748100000, 0x0000000748200000|  0%| F|  |TAMS 0x0000000748100000, 0x0000000748100000| Untracked 
|  80|0x0000000748200000, 0x0000000748200000, 0x0000000748300000|  0%| F|  |TAMS 0x0000000748200000, 0x0000000748200000| Untracked 
|  81|0x0000000748300000, 0x0000000748300000, 0x0000000748400000|  0%| F|  |TAMS 0x0000000748300000, 0x0000000748300000| Untracked 
|  82|0x0000000748400000, 0x0000000748400000, 0x0000000748500000|  0%| F|  |TAMS 0x0000000748400000, 0x0000000748400000| Untracked 
|  83|0x0000000748500000, 0x0000000748500000, 0x0000000748600000|  0%| F|  |TAMS 0x0000000748500000, 0x0000000748500000| Untracked 
|  84|0x0000000748600000, 0x0000000748600000, 0x0000000748700000|  0%| F|  |TAMS 0x0000000748600000, 0x0000000748600000| Untracked 
|  85|0x0000000748700000, 0x0000000748700000, 0x0000000748800000|  0%| F|  |TAMS 0x0000000748700000, 0x0000000748700000| Untracked 
|  86|0x0000000748800000, 0x0000000748800000, 0x0000000748900000|  0%| F|  |TAMS 0x0000000748800000, 0x0000000748800000| Untracked 
|  87|0x0000000748900000, 0x0000000748900000, 0x0000000748a00000|  0%| F|  |TAMS 0x0000000748900000, 0x0000000748900000| Untracked 
|  88|0x0000000748a00000, 0x0000000748a00000, 0x0000000748b00000|  0%| F|  |TAMS 0x0000000748a00000, 0x0000000748a00000| Untracked 
|  89|0x0000000748b00000, 0x0000000748b00000, 0x0000000748c00000|  0%| F|  |TAMS 0x0000000748b00000, 0x0000000748b00000| Untracked 
|  90|0x0000000748c00000, 0x0000000748c00000, 0x0000000748d00000|  0%| F|  |TAMS 0x0000000748c00000, 0x0000000748c00000| Untracked 
|  91|0x0000000748d00000, 0x0000000748d00000, 0x0000000748e00000|  0%| F|  |TAMS 0x0000000748d00000, 0x0000000748d00000| Untracked 
|  92|0x0000000748e00000, 0x0000000748e00000, 0x0000000748f00000|  0%| F|  |TAMS 0x0000000748e00000, 0x0000000748e00000| Untracked 
|  93|0x0000000748f00000, 0x0000000748f00000, 0x0000000749000000|  0%| F|  |TAMS 0x0000000748f00000, 0x0000000748f00000| Untracked 
|  94|0x0000000749000000, 0x0000000749000000, 0x0000000749100000|  0%| F|  |TAMS 0x0000000749000000, 0x0000000749000000| Untracked 
|  95|0x0000000749100000, 0x0000000749100000, 0x0000000749200000|  0%| F|  |TAMS 0x0000000749100000, 0x0000000749100000| Untracked 
|  96|0x0000000749200000, 0x0000000749200000, 0x0000000749300000|  0%| F|  |TAMS 0x0000000749200000, 0x0000000749200000| Untracked 
|  97|0x0000000749300000, 0x0000000749300000, 0x0000000749400000|  0%| F|  |TAMS 0x0000000749300000, 0x0000000749300000| Untracked 
|  98|0x0000000749400000, 0x0000000749400000, 0x0000000749500000|  0%| F|  |TAMS 0x0000000749400000, 0x0000000749400000| Untracked 
|  99|0x0000000749500000, 0x0000000749500000, 0x0000000749600000|  0%| F|  |TAMS 0x0000000749500000, 0x0000000749500000| Untracked 
| 100|0x0000000749600000, 0x0000000749600000, 0x0000000749700000|  0%| F|  |TAMS 0x0000000749600000, 0x0000000749600000| Untracked 
| 101|0x0000000749700000, 0x0000000749700000, 0x0000000749800000|  0%| F|  |TAMS 0x0000000749700000, 0x0000000749700000| Untracked 
| 102|0x0000000749800000, 0x0000000749800000, 0x0000000749900000|  0%| F|  |TAMS 0x0000000749800000, 0x0000000749800000| Untracked 
| 103|0x0000000749900000, 0x0000000749900000, 0x0000000749a00000|  0%| F|  |TAMS 0x0000000749900000, 0x0000000749900000| Untracked 
| 104|0x0000000749a00000, 0x0000000749a00000, 0x0000000749b00000|  0%| F|  |TAMS 0x0000000749a00000, 0x0000000749a00000| Untracked 
| 105|0x0000000749b00000, 0x0000000749b00000, 0x0000000749c00000|  0%| F|  |TAMS 0x0000000749b00000, 0x0000000749b00000| Untracked 
| 106|0x0000000749c00000, 0x0000000749c00000, 0x0000000749d00000|  0%| F|  |TAMS 0x0000000749c00000, 0x0000000749c00000| Untracked 
| 107|0x0000000749d00000, 0x0000000749d00000, 0x0000000749e00000|  0%| F|  |TAMS 0x0000000749d00000, 0x0000000749d00000| Untracked 
| 108|0x0000000749e00000, 0x0000000749e00000, 0x0000000749f00000|  0%| F|  |TAMS 0x0000000749e00000, 0x0000000749e00000| Untracked 
| 109|0x0000000749f00000, 0x0000000749f00000, 0x000000074a000000|  0%| F|  |TAMS 0x0000000749f00000, 0x0000000749f00000| Untracked 
| 110|0x000000074a000000, 0x000000074a000000, 0x000000074a100000|  0%| F|  |TAMS 0x000000074a000000, 0x000000074a000000| Untracked 
| 111|0x000000074a100000, 0x000000074a100000, 0x000000074a200000|  0%| F|  |TAMS 0x000000074a100000, 0x000000074a100000| Untracked 
| 112|0x000000074a200000, 0x000000074a200000, 0x000000074a300000|  0%| F|  |TAMS 0x000000074a200000, 0x000000074a200000| Untracked 
| 113|0x000000074a300000, 0x000000074a300000, 0x000000074a400000|  0%| F|  |TAMS 0x000000074a300000, 0x000000074a300000| Untracked 
| 114|0x000000074a400000, 0x000000074a400000, 0x000000074a500000|  0%| F|  |TAMS 0x000000074a400000, 0x000000074a400000| Untracked 
| 115|0x000000074a500000, 0x000000074a500000, 0x000000074a600000|  0%| F|  |TAMS 0x000000074a500000, 0x000000074a500000| Untracked 
| 116|0x000000074a600000, 0x000000074a600000, 0x000000074a700000|  0%| F|  |TAMS 0x000000074a600000, 0x000000074a600000| Untracked 
| 117|0x000000074a700000, 0x000000074a700000, 0x000000074a800000|  0%| F|  |TAMS 0x000000074a700000, 0x000000074a700000| Untracked 
| 118|0x000000074a800000, 0x000000074a800000, 0x000000074a900000|  0%| F|  |TAMS 0x000000074a800000, 0x000000074a800000| Untracked 
| 119|0x000000074a900000, 0x000000074a900000, 0x000000074aa00000|  0%| F|  |TAMS 0x000000074a900000, 0x000000074a900000| Untracked 
| 120|0x000000074aa00000, 0x000000074aa00000, 0x000000074ab00000|  0%| F|  |TAMS 0x000000074aa00000, 0x000000074aa00000| Untracked 
| 121|0x000000074ab00000, 0x000000074ab00000, 0x000000074ac00000|  0%| F|  |TAMS 0x000000074ab00000, 0x000000074ab00000| Untracked 
| 122|0x000000074ac00000, 0x000000074ac00000, 0x000000074ad00000|  0%| F|  |TAMS 0x000000074ac00000, 0x000000074ac00000| Untracked 
| 123|0x000000074ad00000, 0x000000074ad00000, 0x000000074ae00000|  0%| F|  |TAMS 0x000000074ad00000, 0x000000074ad00000| Untracked 
| 124|0x000000074ae00000, 0x000000074ae00000, 0x000000074af00000|  0%| F|  |TAMS 0x000000074ae00000, 0x000000074ae00000| Untracked 
| 125|0x000000074af00000, 0x000000074af00000, 0x000000074b000000|  0%| F|  |TAMS 0x000000074af00000, 0x000000074af00000| Untracked 
| 126|0x000000074b000000, 0x000000074b000000, 0x000000074b100000|  0%| F|  |TAMS 0x000000074b000000, 0x000000074b000000| Untracked 
| 127|0x000000074b100000, 0x000000074b1f5970, 0x000000074b200000| 95%| S|CS|TAMS 0x000000074b100000, 0x000000074b100000| Complete 
| 128|0x000000074b200000, 0x000000074b300000, 0x000000074b300000|100%| S|CS|TAMS 0x000000074b200000, 0x000000074b200000| Complete 
| 129|0x000000074b300000, 0x000000074b400000, 0x000000074b400000|100%| S|CS|TAMS 0x000000074b300000, 0x000000074b300000| Complete 
| 130|0x000000074b400000, 0x000000074b500000, 0x000000074b500000|100%| S|CS|TAMS 0x000000074b400000, 0x000000074b400000| Complete 
| 131|0x000000074b500000, 0x000000074b600000, 0x000000074b600000|100%| S|CS|TAMS 0x000000074b500000, 0x000000074b500000| Complete 
| 132|0x000000074b600000, 0x000000074b700000, 0x000000074b700000|100%| S|CS|TAMS 0x000000074b600000, 0x000000074b600000| Complete 
| 133|0x000000074b700000, 0x000000074b800000, 0x000000074b800000|100%| S|CS|TAMS 0x000000074b700000, 0x000000074b700000| Complete 
| 134|0x000000074b800000, 0x000000074b800000, 0x000000074b900000|  0%| F|  |TAMS 0x000000074b800000, 0x000000074b800000| Untracked 
| 135|0x000000074b900000, 0x000000074b900000, 0x000000074ba00000|  0%| F|  |TAMS 0x000000074b900000, 0x000000074b900000| Untracked 
| 136|0x000000074ba00000, 0x000000074ba00000, 0x000000074bb00000|  0%| F|  |TAMS 0x000000074ba00000, 0x000000074ba00000| Untracked 
| 137|0x000000074bb00000, 0x000000074bb00000, 0x000000074bc00000|  0%| F|  |TAMS 0x000000074bb00000, 0x000000074bb00000| Untracked 
| 138|0x000000074bc00000, 0x000000074bc00000, 0x000000074bd00000|  0%| F|  |TAMS 0x000000074bc00000, 0x000000074bc00000| Untracked 
| 139|0x000000074bd00000, 0x000000074bd00000, 0x000000074be00000|  0%| F|  |TAMS 0x000000074bd00000, 0x000000074bd00000| Untracked 
| 140|0x000000074be00000, 0x000000074be00000, 0x000000074bf00000|  0%| F|  |TAMS 0x000000074be00000, 0x000000074be00000| Untracked 
| 141|0x000000074bf00000, 0x000000074bf00000, 0x000000074c000000|  0%| F|  |TAMS 0x000000074bf00000, 0x000000074bf00000| Untracked 
| 142|0x000000074c000000, 0x000000074c000000, 0x000000074c100000|  0%| F|  |TAMS 0x000000074c000000, 0x000000074c000000| Untracked 
| 143|0x000000074c100000, 0x000000074c100000, 0x000000074c200000|  0%| F|  |TAMS 0x000000074c100000, 0x000000074c100000| Untracked 
| 144|0x000000074c200000, 0x000000074c200000, 0x000000074c300000|  0%| F|  |TAMS 0x000000074c200000, 0x000000074c200000| Untracked 
| 145|0x000000074c300000, 0x000000074c300000, 0x000000074c400000|  0%| F|  |TAMS 0x000000074c300000, 0x000000074c300000| Untracked 
| 146|0x000000074c400000, 0x000000074c400000, 0x000000074c500000|  0%| F|  |TAMS 0x000000074c400000, 0x000000074c400000| Untracked 
| 147|0x000000074c500000, 0x000000074c500000, 0x000000074c600000|  0%| F|  |TAMS 0x000000074c500000, 0x000000074c500000| Untracked 
| 148|0x000000074c600000, 0x000000074c600000, 0x000000074c700000|  0%| F|  |TAMS 0x000000074c600000, 0x000000074c600000| Untracked 
| 149|0x000000074c700000, 0x000000074c700000, 0x000000074c800000|  0%| F|  |TAMS 0x000000074c700000, 0x000000074c700000| Untracked 
| 150|0x000000074c800000, 0x000000074c800000, 0x000000074c900000|  0%| F|  |TAMS 0x000000074c800000, 0x000000074c800000| Untracked 
| 151|0x000000074c900000, 0x000000074c900000, 0x000000074ca00000|  0%| F|  |TAMS 0x000000074c900000, 0x000000074c900000| Untracked 
| 152|0x000000074ca00000, 0x000000074ca00000, 0x000000074cb00000|  0%| F|  |TAMS 0x000000074ca00000, 0x000000074ca00000| Untracked 
| 153|0x000000074cb00000, 0x000000074cb00000, 0x000000074cc00000|  0%| F|  |TAMS 0x000000074cb00000, 0x000000074cb00000| Untracked 
| 154|0x000000074cc00000, 0x000000074cc00000, 0x000000074cd00000|  0%| F|  |TAMS 0x000000074cc00000, 0x000000074cc00000| Untracked 
| 155|0x000000074cd00000, 0x000000074cd00000, 0x000000074ce00000|  0%| F|  |TAMS 0x000000074cd00000, 0x000000074cd00000| Untracked 
| 156|0x000000074ce00000, 0x000000074ce00000, 0x000000074cf00000|  0%| F|  |TAMS 0x000000074ce00000, 0x000000074ce00000| Untracked 
| 157|0x000000074cf00000, 0x000000074cf00000, 0x000000074d000000|  0%| F|  |TAMS 0x000000074cf00000, 0x000000074cf00000| Untracked 
| 158|0x000000074d000000, 0x000000074d000000, 0x000000074d100000|  0%| F|  |TAMS 0x000000074d000000, 0x000000074d000000| Untracked 
| 159|0x000000074d100000, 0x000000074d100000, 0x000000074d200000|  0%| F|  |TAMS 0x000000074d100000, 0x000000074d100000| Untracked 
| 160|0x000000074d200000, 0x000000074d200000, 0x000000074d300000|  0%| F|  |TAMS 0x000000074d200000, 0x000000074d200000| Untracked 
| 161|0x000000074d300000, 0x000000074d300000, 0x000000074d400000|  0%| F|  |TAMS 0x000000074d300000, 0x000000074d300000| Untracked 
| 162|0x000000074d400000, 0x000000074d400000, 0x000000074d500000|  0%| F|  |TAMS 0x000000074d400000, 0x000000074d400000| Untracked 
| 163|0x000000074d500000, 0x000000074d500000, 0x000000074d600000|  0%| F|  |TAMS 0x000000074d500000, 0x000000074d500000| Untracked 
| 164|0x000000074d600000, 0x000000074d600000, 0x000000074d700000|  0%| F|  |TAMS 0x000000074d600000, 0x000000074d600000| Untracked 
| 165|0x000000074d700000, 0x000000074d700000, 0x000000074d800000|  0%| F|  |TAMS 0x000000074d700000, 0x000000074d700000| Untracked 
| 166|0x000000074d800000, 0x000000074d800000, 0x000000074d900000|  0%| F|  |TAMS 0x000000074d800000, 0x000000074d800000| Untracked 
| 167|0x000000074d900000, 0x000000074d900000, 0x000000074da00000|  0%| F|  |TAMS 0x000000074d900000, 0x000000074d900000| Untracked 
| 168|0x000000074da00000, 0x000000074da00000, 0x000000074db00000|  0%| F|  |TAMS 0x000000074da00000, 0x000000074da00000| Untracked 
| 169|0x000000074db00000, 0x000000074db00000, 0x000000074dc00000|  0%| F|  |TAMS 0x000000074db00000, 0x000000074db00000| Untracked 
| 170|0x000000074dc00000, 0x000000074dc00000, 0x000000074dd00000|  0%| F|  |TAMS 0x000000074dc00000, 0x000000074dc00000| Untracked 
| 171|0x000000074dd00000, 0x000000074dd00000, 0x000000074de00000|  0%| F|  |TAMS 0x000000074dd00000, 0x000000074dd00000| Untracked 
| 172|0x000000074de00000, 0x000000074de00000, 0x000000074df00000|  0%| F|  |TAMS 0x000000074de00000, 0x000000074de00000| Untracked 
| 173|0x000000074df00000, 0x000000074df00000, 0x000000074e000000|  0%| F|  |TAMS 0x000000074df00000, 0x000000074df00000| Untracked 
| 174|0x000000074e000000, 0x000000074e000000, 0x000000074e100000|  0%| F|  |TAMS 0x000000074e000000, 0x000000074e000000| Untracked 
| 175|0x000000074e100000, 0x000000074e100000, 0x000000074e200000|  0%| F|  |TAMS 0x000000074e100000, 0x000000074e100000| Untracked 
| 176|0x000000074e200000, 0x000000074e200000, 0x000000074e300000|  0%| F|  |TAMS 0x000000074e200000, 0x000000074e200000| Untracked 
| 177|0x000000074e300000, 0x000000074e300000, 0x000000074e400000|  0%| F|  |TAMS 0x000000074e300000, 0x000000074e300000| Untracked 
| 178|0x000000074e400000, 0x000000074e400000, 0x000000074e500000|  0%| F|  |TAMS 0x000000074e400000, 0x000000074e400000| Untracked 
| 179|0x000000074e500000, 0x000000074e500000, 0x000000074e600000|  0%| F|  |TAMS 0x000000074e500000, 0x000000074e500000| Untracked 
| 180|0x000000074e600000, 0x000000074e600000, 0x000000074e700000|  0%| F|  |TAMS 0x000000074e600000, 0x000000074e600000| Untracked 
| 181|0x000000074e700000, 0x000000074e700000, 0x000000074e800000|  0%| F|  |TAMS 0x000000074e700000, 0x000000074e700000| Untracked 
| 182|0x000000074e800000, 0x000000074e800000, 0x000000074e900000|  0%| F|  |TAMS 0x000000074e800000, 0x000000074e800000| Untracked 
| 183|0x000000074e900000, 0x000000074e900000, 0x000000074ea00000|  0%| F|  |TAMS 0x000000074e900000, 0x000000074e900000| Untracked 
| 184|0x000000074ea00000, 0x000000074ea00000, 0x000000074eb00000|  0%| F|  |TAMS 0x000000074ea00000, 0x000000074ea00000| Untracked 
| 185|0x000000074eb00000, 0x000000074eb00000, 0x000000074ec00000|  0%| F|  |TAMS 0x000000074eb00000, 0x000000074eb00000| Untracked 
| 186|0x000000074ec00000, 0x000000074ec00000, 0x000000074ed00000|  0%| F|  |TAMS 0x000000074ec00000, 0x000000074ec00000| Untracked 
| 187|0x000000074ed00000, 0x000000074ed00000, 0x000000074ee00000|  0%| F|  |TAMS 0x000000074ed00000, 0x000000074ed00000| Untracked 
| 188|0x000000074ee00000, 0x000000074ee00000, 0x000000074ef00000|  0%| F|  |TAMS 0x000000074ee00000, 0x000000074ee00000| Untracked 
| 189|0x000000074ef00000, 0x000000074ef00000, 0x000000074f000000|  0%| F|  |TAMS 0x000000074ef00000, 0x000000074ef00000| Untracked 

Card table byte_map: [0x00000223b5c90000,0x00000223b6280000] _byte_map_base: 0x00000223b2277000

Marking Bits (Prev, Next): (CMBitMap*) 0x00000223a2892a78, (CMBitMap*) 0x00000223a2892ab0
 Prev Bits: [0x00000223b6870000, 0x00000223b97a8000)
 Next Bits: [0x00000223b97b0000, 0x00000223bc6e8000)

Polling page: 0x00000223a07d0000

Metaspace:

Usage:
  Non-class:     39.83 MB capacity,    39.60 MB (>99%) used,   169.23 KB ( <1%) free+waste,    65.94 KB ( <1%) overhead. 
      Class:      5.47 MB capacity,     5.27 MB ( 96%) used,   174.52 KB (  3%) free+waste,    29.06 KB ( <1%) overhead. 
       Both:     45.31 MB capacity,    44.88 MB (>99%) used,   343.74 KB ( <1%) free+waste,    95.00 KB ( <1%) overhead. 

Virtual space:
  Non-class space:       40.00 MB reserved,      40.00 MB (100%) committed 
      Class space:        1.00 GB reserved,       5.55 MB ( <1%) committed 
             Both:        1.04 GB reserved,      45.55 MB (  4%) committed 

Chunk freelists:
   Non-Class:  42.00 KB
       Class:  29.00 KB
        Both:  71.00 KB

MaxMetaspaceSize: 17179869184.00 GB
CompressedClassSpaceSize: 1.00 GB
Initial GC threshold: 20.80 MB
Current GC threshold: 59.00 MB
CDS: off

CodeHeap 'non-profiled nmethods': size=120000Kb used=1364Kb max_used=1364Kb free=118635Kb
 bounds [0x00000223ade40000, 0x00000223ae0b0000, 0x00000223b5370000]
CodeHeap 'profiled nmethods': size=120000Kb used=6498Kb max_used=6498Kb free=113501Kb
 bounds [0x00000223a6910000, 0x00000223a6f70000, 0x00000223ade40000]
CodeHeap 'non-nmethods': size=5760Kb used=1280Kb max_used=1317Kb free=4480Kb
 bounds [0x00000223a6370000, 0x00000223a65e0000, 0x00000223a6910000]
 total_blobs=3659 nmethods=3105 adapters=466
 compilation: enabled
              stopped_count=0, restarted_count=0
 full_count=0

Compilation events (20 events):
Event: 2.569 Thread 0x00000223bf9f2000 3110       1       org.jetbrains.kotlin.serialization.deserialization.DeserializationComponents::getConfiguration (5 bytes)
Event: 2.569 Thread 0x00000223bf9f2000 nmethod 3110 0x00000223adf94d10 code [0x00000223adf94ec0, 0x00000223adf94f78]
Event: 2.569 Thread 0x00000223bf9f2000 3115       1       org.jetbrains.kotlin.metadata.ProtoBuf$TypeParameter::getUpperBoundIdList (5 bytes)
Event: 2.569 Thread 0x00000223bf9f2000 nmethod 3115 0x00000223adf95010 code [0x00000223adf951c0, 0x00000223adf95278]
Event: 2.569 Thread 0x00000223bf9f2000 3116       3       java.lang.Class::getSimpleName (26 bytes)
Event: 2.569 Thread 0x00000223bf9f2000 nmethod 3116 0x00000223a6f63890 code [0x00000223a6f63a60, 0x00000223a6f63c78]
Event: 2.569 Thread 0x00000223bf9f2000 3117       3       org.jetbrains.kotlin.storage.LockBasedStorageManager::createConcurrentHashMap (11 bytes)
Event: 2.569 Thread 0x00000223bf9f2000 nmethod 3117 0x00000223a6f63d90 code [0x00000223a6f63f60, 0x00000223a6f64108]
Event: 2.569 Thread 0x00000223bf9f2000 3118       3       org.jetbrains.kotlin.metadata.ProtoBuf$Type$Argument::getSerializedSize (97 bytes)
Event: 2.570 Thread 0x00000223bf9f2000 nmethod 3118 0x00000223a6f64210 code [0x00000223a6f644a0, 0x00000223a6f64ef8]
Event: 2.570 Thread 0x00000223bf9f2000 3119       3       org.jetbrains.kotlin.metadata.ProtoBuf$ValueParameter::getSerializedSize (171 bytes)
Event: 2.570 Thread 0x00000223bf9f2000 nmethod 3119 0x00000223a6f65310 code [0x00000223a6f65680, 0x00000223a6f66918]
Event: 2.570 Thread 0x00000223bf9f2000 3120       3       org.jetbrains.kotlin.name.ClassId::equals (74 bytes)
Event: 2.570 Thread 0x00000223bf9f2000 nmethod 3120 0x00000223a6f67090 code [0x00000223a6f67280, 0x00000223a6f67738]
Event: 2.570 Thread 0x00000223bf9f2000 3121       3       org.jetbrains.kotlin.name.FqNameUnsafe::parent (56 bytes)
Event: 2.571 Thread 0x00000223bf9f2000 nmethod 3121 0x00000223a6f67890 code [0x00000223a6f67aa0, 0x00000223a6f67f78]
Event: 2.571 Thread 0x00000223bf9f2000 3123       2       java.lang.Thread::interrupted (8 bytes)
Event: 2.571 Thread 0x00000223bf9f2000 nmethod 3123 0x00000223a6f68110 code [0x00000223a6f682c0, 0x00000223a6f683c8]
Event: 2.571 Thread 0x00000223bf9f2000 3122       3       org.jetbrains.kotlin.name.ClassId::isNestedClass (19 bytes)
Event: 2.571 Thread 0x00000223bf9f2000 nmethod 3122 0x00000223a6f68490 code [0x00000223a6f68680, 0x00000223a6f689c8]

GC Heap History (9 events):
Event: 0.469 GC heap before
{Heap before GC invocations=0 (full 0):
 garbage-first heap   total 194560K, used 28672K [0x0000000743200000, 0x0000000800000000)
  region size 1024K, 24 young (24576K), 0 survivors (0K)
 Metaspace       used 12136K, capacity 12280K, committed 12544K, reserved 1060864K
  class space    used 1121K, capacity 1175K, committed 1280K, reserved 1048576K
}
Event: 0.472 GC heap after
{Heap after GC invocations=1 (full 0):
 garbage-first heap   total 194560K, used 6827K [0x0000000743200000, 0x0000000800000000)
  region size 1024K, 3 young (3072K), 3 survivors (3072K)
 Metaspace       used 12136K, capacity 12280K, committed 12544K, reserved 1060864K
  class space    used 1121K, capacity 1175K, committed 1280K, reserved 1048576K
}
Event: 0.983 GC heap before
{Heap before GC invocations=1 (full 0):
 garbage-first heap   total 194560K, used 45739K [0x0000000743200000, 0x0000000800000000)
  region size 1024K, 42 young (43008K), 3 survivors (3072K)
 Metaspace       used 21045K, capacity 21199K, committed 21296K, reserved 1069056K
  class space    used 2229K, capacity 2308K, committed 2352K, reserved 1048576K
}
Event: 0.994 GC heap after
{Heap after GC invocations=2 (full 0):
 garbage-first heap   total 194560K, used 10415K [0x0000000743200000, 0x0000000800000000)
  region size 1024K, 7 young (7168K), 7 survivors (7168K)
 Metaspace       used 21045K, capacity 21199K, committed 21296K, reserved 1069056K
  class space    used 2229K, capacity 2308K, committed 2352K, reserved 1048576K
}
Event: 1.799 GC heap before
{Heap before GC invocations=3 (full 0):
 garbage-first heap   total 194560K, used 69807K [0x0000000743200000, 0x0000000800000000)
  region size 1024K, 59 young (60416K), 7 survivors (7168K)
 Metaspace       used 33906K, capacity 34372K, committed 34608K, reserved 1079296K
  class space    used 4182K, capacity 4369K, committed 4400K, reserved 1048576K
}
Event: 1.813 GC heap after
{Heap after GC invocations=4 (full 0):
 garbage-first heap   total 194560K, used 22792K [0x0000000743200000, 0x0000000800000000)
  region size 1024K, 8 young (8192K), 8 survivors (8192K)
 Metaspace       used 33906K, capacity 34372K, committed 34608K, reserved 1079296K
  class space    used 4182K, capacity 4369K, committed 4400K, reserved 1048576K
}
Event: 1.943 GC heap before
{Heap before GC invocations=4 (full 0):
 garbage-first heap   total 194560K, used 33032K [0x0000000743200000, 0x0000000800000000)
  region size 1024K, 19 young (19456K), 8 survivors (8192K)
 Metaspace       used 35511K, capacity 35855K, committed 35920K, reserved 1081344K
  class space    used 4347K, capacity 4501K, committed 4528K, reserved 1048576K
}
Event: 1.950 GC heap after
{Heap after GC invocations=5 (full 0):
 garbage-first heap   total 194560K, used 23293K [0x0000000743200000, 0x0000000800000000)
  region size 1024K, 7 young (7168K), 7 survivors (7168K)
 Metaspace       used 35511K, capacity 35855K, committed 35920K, reserved 1081344K
  class space    used 4347K, capacity 4501K, committed 4528K, reserved 1048576K
}
Event: 2.577 GC heap before
{Heap before GC invocations=6 (full 0):
 garbage-first heap   total 194560K, used 73469K [0x0000000743200000, 0x0000000800000000)
  region size 1024K, 56 young (57344K), 7 survivors (7168K)
 Metaspace       used 45954K, capacity 46393K, committed 46640K, reserved 1089536K
  class space    used 5399K, capacity 5603K, committed 5680K, reserved 1048576K
}

Deoptimization events (20 events):
Event: 2.515 Thread 0x00000223a2842800 DEOPT PACKING pc=0x00000223adf25594 sp=0x0000004ef4dfac50
Event: 2.515 Thread 0x00000223a2842800 DEOPT UNPACKING pc=0x00000223a63785af sp=0x0000004ef4dfac08 mode 2
Event: 2.527 Thread 0x00000223a2842800 Uncommon trap: trap_request=0xffffffc6 fr.pc=0x00000223adf25594 relative=0x0000000000001574
Event: 2.527 Thread 0x00000223a2842800 Uncommon trap: reason=bimorphic_or_optimized_type_check action=maybe_recompile pc=0x00000223adf25594 method=java.util.zip.ZipFile.getZipEntry(Ljava/lang/String;[BILjava/util/function/Function;)Ljava/util/zip/ZipEntry; @ 108 c2
Event: 2.527 Thread 0x00000223a2842800 DEOPT PACKING pc=0x00000223adf25594 sp=0x0000004ef4dfac50
Event: 2.527 Thread 0x00000223a2842800 DEOPT UNPACKING pc=0x00000223a63785af sp=0x0000004ef4dfac08 mode 2
Event: 2.528 Thread 0x00000223a2842800 Uncommon trap: trap_request=0xffffffc6 fr.pc=0x00000223adf25594 relative=0x0000000000001574
Event: 2.528 Thread 0x00000223a2842800 Uncommon trap: reason=bimorphic_or_optimized_type_check action=maybe_recompile pc=0x00000223adf25594 method=java.util.zip.ZipFile.getZipEntry(Ljava/lang/String;[BILjava/util/function/Function;)Ljava/util/zip/ZipEntry; @ 108 c2
Event: 2.528 Thread 0x00000223a2842800 DEOPT PACKING pc=0x00000223adf25594 sp=0x0000004ef4dfac50
Event: 2.528 Thread 0x00000223a2842800 DEOPT UNPACKING pc=0x00000223a63785af sp=0x0000004ef4dfac08 mode 2
Event: 2.528 Thread 0x00000223a2842800 DEOPT PACKING pc=0x00000223a6d5c67f sp=0x0000004ef4dfad20
Event: 2.528 Thread 0x00000223a2842800 DEOPT UNPACKING pc=0x00000223a63b9d0e sp=0x0000004ef4dfa170 mode 0
Event: 2.541 Thread 0x00000223a2842800 Uncommon trap: trap_request=0xffffffc6 fr.pc=0x00000223adf5ba70 relative=0x00000000000005f0
Event: 2.541 Thread 0x00000223a2842800 Uncommon trap: reason=bimorphic_or_optimized_type_check action=maybe_recompile pc=0x00000223adf5ba70 method=org.jetbrains.kotlin.protobuf.CodedInputStream.tryRefillBuffer(I)Z @ 177 c2
Event: 2.541 Thread 0x00000223a2842800 DEOPT PACKING pc=0x00000223adf5ba70 sp=0x0000004ef4dfb080
Event: 2.541 Thread 0x00000223a2842800 DEOPT UNPACKING pc=0x00000223a63785af sp=0x0000004ef4dfaf68 mode 2
Event: 2.544 Thread 0x00000223a2842800 Uncommon trap: trap_request=0xffffffc6 fr.pc=0x00000223adf59780 relative=0x00000000000002a0
Event: 2.544 Thread 0x00000223a2842800 Uncommon trap: reason=bimorphic_or_optimized_type_check action=maybe_recompile pc=0x00000223adf59780 method=org.jetbrains.kotlin.protobuf.CodedInputStream.tryRefillBuffer(I)Z @ 177 c2
Event: 2.544 Thread 0x00000223a2842800 DEOPT PACKING pc=0x00000223adf59780 sp=0x0000004ef4dfb030
Event: 2.544 Thread 0x00000223a2842800 DEOPT UNPACKING pc=0x00000223a63785af sp=0x0000004ef4dfaf68 mode 2

Classes redefined (0 events):
No events

Internal exceptions (20 events):
Event: 0.941 Thread 0x00000223a2842800 Exception <a 'java/lang/NoSuchMethodError'{0x000000074cbf73c0}: 'java.lang.Object java.lang.invoke.DirectMethodHandle$Holder.invokeStaticInit(java.lang.Object, int)'> (0x000000074cbf73c0) thrown at [src/hotspot/share/interpreter/linkResolver.cpp, line 773]
Event: 0.960 Thread 0x00000223a2842800 Exception <a 'java/lang/NoSuchMethodError'{0x000000074c9d2430}: 'long java.lang.invoke.DirectMethodHandle$Holder.invokeStatic(java.lang.Object)'> (0x000000074c9d2430) thrown at [src/hotspot/share/interpreter/linkResolver.cpp, line 773]
Event: 0.960 Thread 0x00000223a2842800 Exception <a 'java/lang/NoSuchMethodError'{0x000000074c9d5288}: 'long java.lang.invoke.DirectMethodHandle$Holder.invokeStaticInit(java.lang.Object)'> (0x000000074c9d5288) thrown at [src/hotspot/share/interpreter/linkResolver.cpp, line 773]
Event: 0.976 Thread 0x00000223a2842800 Exception <a 'java/lang/NoSuchMethodError'{0x000000074c7454b0}: 'int java.lang.invoke.DirectMethodHandle$Holder.invokeSpecialIFC(java.lang.Object, java.lang.Object, int)'> (0x000000074c7454b0) thrown at [src/hotspot/share/interpreter/linkResolver.cpp, line 773]
Event: 1.023 Thread 0x00000223a2842800 Exception <a 'java/lang/NoSuchMethodError'{0x000000074eebcec8}: 'int java.lang.invoke.DirectMethodHandle$Holder.invokeStaticInit(java.lang.Object, java.lang.Object, java.lang.Object)'> (0x000000074eebcec8) thrown at [src/hotspot/share/interpreter/linkResolver.cpp, line 773]
Event: 1.026 Thread 0x00000223a2842800 Exception <a 'java/lang/NoSuchMethodError'{0x000000074eee8748}: 'int java.lang.invoke.DirectMethodHandle$Holder.invokeStaticInit(java.lang.Object, java.lang.Object)'> (0x000000074eee8748) thrown at [src/hotspot/share/interpreter/linkResolver.cpp, line 773]
Event: 1.079 Thread 0x00000223a2842800 Exception <a 'java/lang/NoSuchMethodError'{0x000000074ecff118}: 'void java.lang.invoke.DirectMethodHandle$Holder.invokeSpecial(java.lang.Object, java.lang.Object)'> (0x000000074ecff118) thrown at [src/hotspot/share/interpreter/linkResolver.cpp, line 773]
Event: 1.218 Thread 0x00000223a2842800 Exception <a 'java/lang/NoSuchMethodError'{0x000000074e3b35d0}: 'java.lang.Object java.lang.invoke.DirectMethodHandle$Holder.invokeStatic(java.lang.Object, java.lang.Object, java.lang.Object, java.lang.Object, java.lang.Object, java.lang.Object, java.lang.Object, java.lang.Object, java.lang.Object, java.lang.Object, java.lang.Object, java.lang.Object, java.lang.Object, java.lang.Object, java.lang.Object)'> (0x000000074e3b35d0) thrown at [src/hotspot/share/interpreter/linkResolver.cpp, line 773]
Event: 1.219 Thread 0x00000223a2842800 Exception <a 'java/lang/NoSuchMethodError'{0x000000074e3c15d8}: 'java.lang.Object java.lang.invoke.DirectMethodHandle$Holder.invokeStatic(java.lang.Object, java.lang.Object, java.lang.Object, java.lang.Object, java.lang.Object, java.lang.Object, java.lang.Object, java.lang.Object, java.lang.Object, java.lang.Object, java.lang.Object, java.lang.Object, java.lang.Object, java.lang.Object, java.lang.Object, java.lang.Object)'> (0x000000074e3c15d8) thrown at [src/hotspot/share/interpreter/linkResolver.cpp, lin
Event: 1.219 Thread 0x00000223a2842800 Exception <a 'java/lang/NoSuchMethodError'{0x000000074e3cf4f0}: 'java.lang.Object java.lang.invoke.DirectMethodHandle$Holder.invokeSpecial(java.lang.Object, java.lang.Object, int, int, java.lang.Object, java.lang.Object, java.lang.Object)'> (0x000000074e3cf4f0) thrown at [src/hotspot/share/interpreter/linkResolver.cpp, line 773]
Event: 1.220 Thread 0x00000223a2842800 Exception <a 'java/lang/NoSuchMethodError'{0x000000074e3d2d28}: 'java.lang.Object java.lang.invoke.DelegatingMethodHandle$Holder.reinvoke_L(java.lang.Object, int, int, java.lang.Object, java.lang.Object, java.lang.Object)'> (0x000000074e3d2d28) thrown at [src/hotspot/share/interpreter/linkResolver.cpp, line 773]
Event: 1.220 Thread 0x00000223a2842800 Exception <a 'java/lang/NoSuchMethodError'{0x000000074e3d70b0}: 'java.lang.Object java.lang.invoke.DirectMethodHandle$Holder.invokeStatic(java.lang.Object, java.lang.Object, java.lang.Object, java.lang.Object, int)'> (0x000000074e3d70b0) thrown at [src/hotspot/share/interpreter/linkResolver.cpp, line 773]
Event: 1.249 Thread 0x00000223a2842800 Exception <a 'java/lang/NoSuchMethodError'{0x000000074e2fc5b8}: 'void java.lang.invoke.DirectMethodHandle$Holder.invokeStatic(java.lang.Object, java.lang.Object, java.lang.Object, java.lang.Object)'> (0x000000074e2fc5b8) thrown at [src/hotspot/share/interpreter/linkResolver.cpp, line 773]
Event: 1.302 Thread 0x00000223a2842800 Exception <a 'java/lang/NoSuchMethodError'{0x000000074dee30d8}: 'void java.lang.invoke.DirectMethodHandle$Holder.invokeStaticInit(java.lang.Object, java.lang.Object)'> (0x000000074dee30d8) thrown at [src/hotspot/share/interpreter/linkResolver.cpp, line 773]
Event: 1.371 Thread 0x00000223a2842800 Exception <a 'java/lang/NoSuchMethodError'{0x000000074d9c3b80}: 'void java.lang.invoke.DirectMethodHandle$Holder.invokeVirtual(java.lang.Object, java.lang.Object)'> (0x000000074d9c3b80) thrown at [src/hotspot/share/interpreter/linkResolver.cpp, line 773]
Event: 1.380 Thread 0x00000223a2842800 Exception <a 'java/lang/NoSuchMethodError'{0x000000074d858f18}: 'int java.lang.invoke.DirectMethodHandle$Holder.invokeVirtual(java.lang.Object, java.lang.Object)'> (0x000000074d858f18) thrown at [src/hotspot/share/interpreter/linkResolver.cpp, line 773]
Event: 1.914 Thread 0x00000223a2842800 Exception <a 'java/lang/NoSuchMethodError'{0x000000074e733828}: 'java.lang.Object java.lang.invoke.DirectMethodHandle$Holder.invokeVirtual(java.lang.Object, java.lang.Object, java.lang.Object)'> (0x000000074e733828) thrown at [src/hotspot/share/interpreter/linkResolver.cpp, line 773]
Event: 2.441 Thread 0x00000223a2842800 Exception <a 'java/lang/NoSuchMethodError'{0x000000074c0a0280}: 'java.lang.Object java.lang.invoke.DirectMethodHandle$Holder.invokeStatic(java.lang.Object, java.lang.Object, java.lang.Object, int)'> (0x000000074c0a0280) thrown at [src/hotspot/share/interpreter/linkResolver.cpp, line 773]
Event: 2.442 Thread 0x00000223a2842800 Exception <a 'java/lang/NoSuchMethodError'{0x000000074c0a3ef0}: 'java.lang.Object java.lang.invoke.DirectMethodHandle$Holder.invokeSpecial(java.lang.Object, java.lang.Object, java.lang.Object, java.lang.Object, int)'> (0x000000074c0a3ef0) thrown at [src/hotspot/share/interpreter/linkResolver.cpp, line 773]
Event: 2.442 Thread 0x00000223a2842800 Exception <a 'java/lang/NoSuchMethodError'{0x000000074c0a7200}: 'java.lang.Object java.lang.invoke.Invokers$Holder.linkToTargetMethod(java.lang.Object, java.lang.Object, int, java.lang.Object)'> (0x000000074c0a7200) thrown at [src/hotspot/share/interpreter/linkResolver.cpp, line 773]

Events (20 events):
Event: 2.572 loading class org/jetbrains/kotlin/utils/DFS$VisitedWithSet done
Event: 2.572 loading class org/jetbrains/kotlin/utils/DFS$Visited
Event: 2.572 loading class org/jetbrains/kotlin/utils/DFS$Visited done
Event: 2.573 loading class org/jetbrains/kotlin/resolve/FindLoopsInSupertypes$isReachable$1
Event: 2.573 loading class org/jetbrains/kotlin/resolve/FindLoopsInSupertypes$isReachable$1 done
Event: 2.573 loading class org/jetbrains/kotlin/utils/DFS$AbstractNodeHandler
Event: 2.573 loading class org/jetbrains/kotlin/utils/DFS$AbstractNodeHandler done
Event: 2.573 loading class org/jetbrains/kotlin/utils/DFS$NodeHandler
Event: 2.573 loading class org/jetbrains/kotlin/utils/DFS$NodeHandler done
Event: 2.573 loading class org/jetbrains/kotlin/utils/DFS
Event: 2.573 loading class org/jetbrains/kotlin/utils/DFS done
Event: 2.573 loading class org/jetbrains/kotlin/metadata/deserialization/ProtoTypeTableUtilKt
Event: 2.573 loading class org/jetbrains/kotlin/metadata/deserialization/ProtoTypeTableUtilKt done
Event: 2.574 loading class org/jetbrains/kotlin/builtins/jvm/JvmBuiltInsSignatures
Event: 2.574 loading class org/jetbrains/kotlin/builtins/jvm/JvmBuiltInsSignatures done
Event: 2.575 loading class org/jetbrains/kotlin/load/kotlin/SignatureBuildingComponents
Event: 2.575 loading class org/jetbrains/kotlin/load/kotlin/SignatureBuildingComponents done
Event: 2.576 loading class org/jetbrains/kotlin/resolve/jvm/JvmPrimitiveType
Event: 2.576 loading class org/jetbrains/kotlin/resolve/jvm/JvmPrimitiveType done
Event: 2.577 Executing VM operation: G1CollectForAllocation


Dynamic libraries:
0x00007ff680320000 - 0x00007ff68032a000 	C:\Program Files\Android\Android Studio1\jbr\bin\java.exe
0x00007ff91cde0000 - 0x00007ff91cfe9000 	C:\Windows\SYSTEM32\ntdll.dll
0x00007ff91c300000 - 0x00007ff91c3be000 	C:\Windows\System32\KERNEL32.DLL
0x00007ff91a3e0000 - 0x00007ff91a75b000 	C:\Windows\System32\KERNELBASE.dll
0x00007ff91aaa0000 - 0x00007ff91abb1000 	C:\Windows\System32\ucrtbase.dll
0x00007ff8e7e50000 - 0x00007ff8e7e6b000 	C:\Program Files\Android\Android Studio1\jbr\bin\VCRUNTIME140.dll
0x00007ff8e7e30000 - 0x00007ff8e7e47000 	C:\Program Files\Android\Android Studio1\jbr\bin\jli.dll
0x00007ff91bd00000 - 0x00007ff91bead000 	C:\Windows\System32\USER32.dll
0x00007ff907aa0000 - 0x00007ff907d45000 	C:\Windows\WinSxS\amd64_microsoft.windows.common-controls_6595b64144ccf1df_6.0.22000.120_none_9d947278b86cc467\COMCTL32.dll
0x00007ff91aa70000 - 0x00007ff91aa96000 	C:\Windows\System32\win32u.dll
0x00007ff91b340000 - 0x00007ff91b3e3000 	C:\Windows\System32\msvcrt.dll
0x00007ff91c080000 - 0x00007ff91c0a9000 	C:\Windows\System32\GDI32.dll
0x00007ff91a760000 - 0x00007ff91a878000 	C:\Windows\System32\gdi32full.dll
0x00007ff91abc0000 - 0x00007ff91ac5d000 	C:\Windows\System32\msvcp_win.dll
0x00007ff91cb40000 - 0x00007ff91cb72000 	C:\Windows\System32\IMM32.DLL
0x00007ff8fe450000 - 0x00007ff8fe45c000 	C:\Program Files\Android\Android Studio1\jbr\bin\vcruntime140_1.dll
0x00007ff8dd7c0000 - 0x00007ff8dd84d000 	C:\Program Files\Android\Android Studio1\jbr\bin\msvcp140.dll
0x00007ff8ccc80000 - 0x00007ff8cd83c000 	C:\Program Files\Android\Android Studio1\jbr\bin\server\jvm.dll
0x00007ff91ca80000 - 0x00007ff91cb2e000 	C:\Windows\System32\ADVAPI32.dll
0x00007ff91b040000 - 0x00007ff91b0de000 	C:\Windows\System32\sechost.dll
0x00007ff91c120000 - 0x00007ff91c240000 	C:\Windows\System32\RPCRT4.dll
0x00007ff91cb80000 - 0x00007ff91cb88000 	C:\Windows\System32\PSAPI.DLL
0x00007ff911680000 - 0x00007ff91168a000 	C:\Windows\SYSTEM32\VERSION.dll
0x00007ff8f8220000 - 0x00007ff8f8229000 	C:\Windows\SYSTEM32\WSOCK32.dll
0x00007ff9176d0000 - 0x00007ff917703000 	C:\Windows\SYSTEM32\WINMM.dll
0x00007ff91c0b0000 - 0x00007ff91c11f000 	C:\Windows\System32\WS2_32.dll
0x00007ff9193f0000 - 0x00007ff919408000 	C:\Windows\SYSTEM32\kernel.appcore.dll
0x00007ff8f6b70000 - 0x00007ff8f6b80000 	C:\Program Files\Android\Android Studio1\jbr\bin\verify.dll
0x00007ff917410000 - 0x00007ff917631000 	C:\Windows\SYSTEM32\DBGHELP.DLL
0x00007ff917670000 - 0x00007ff9176a1000 	C:\Windows\SYSTEM32\dbgcore.DLL
0x00007ff91a9f0000 - 0x00007ff91aa6f000 	C:\Windows\System32\bcryptPrimitives.dll
0x00007ff8dde80000 - 0x00007ff8ddea8000 	C:\Program Files\Android\Android Studio1\jbr\bin\java.dll
0x00007ff8f1190000 - 0x00007ff8f119a000 	C:\Program Files\Android\Android Studio1\jbr\bin\jimage.dll
0x00007ff8de220000 - 0x00007ff8de238000 	C:\Program Files\Android\Android Studio1\jbr\bin\zip.dll
0x00007ff91b450000 - 0x00007ff91bc07000 	C:\Windows\System32\SHELL32.dll
0x00007ff918360000 - 0x00007ff918bc5000 	C:\Windows\SYSTEM32\windows.storage.dll
0x00007ff91ac60000 - 0x00007ff91afd8000 	C:\Windows\System32\combase.dll
0x00007ff9181f0000 - 0x00007ff918356000 	C:\Windows\SYSTEM32\wintypes.dll
0x00007ff91cb90000 - 0x00007ff91cc7a000 	C:\Windows\System32\SHCORE.dll
0x00007ff91afe0000 - 0x00007ff91b03d000 	C:\Windows\System32\shlwapi.dll
0x00007ff91a1e0000 - 0x00007ff91a201000 	C:\Windows\SYSTEM32\profapi.dll
0x00007ff8dde60000 - 0x00007ff8dde79000 	C:\Program Files\Android\Android Studio1\jbr\bin\net.dll
0x00007ff914cf0000 - 0x00007ff914e04000 	C:\Windows\SYSTEM32\WINHTTP.dll
0x00007ff9198c0000 - 0x00007ff919927000 	C:\Windows\system32\mswsock.dll
0x00007ff8dd340000 - 0x00007ff8dd353000 	C:\Program Files\Android\Android Studio1\jbr\bin\nio.dll

dbghelp: loaded successfully - version: 4.0.5 - missing functions: none
symbol engine: initialized successfully - sym options: 0x614 - pdb path: .;C:\Program Files\Android\Android Studio1\jbr\bin;C:\Windows\SYSTEM32;C:\Windows\WinSxS\amd64_microsoft.windows.common-controls_6595b64144ccf1df_6.0.22000.120_none_9d947278b86cc467;C:\Program Files\Android\Android Studio1\jbr\bin\server

VM Arguments:
java_command: org.jetbrains.kotlin.cli.jvm.K2JVMCompiler @C:\Users\adria\Proyectos\CatDogSearcher\app\build\20230809_7390687584024046597.compiler.options
java_class_path (initial): C:\Users\adria\.gradle\caches\modules-2\files-2.1\org.jetbrains.kotlin\kotlin-compiler-embeddable\1.8.0\eb9118d4bcceaa2a94b2ae2a33a4ddba7c9a947f\kotlin-compiler-embeddable-1.8.0.jar;C:\Users\adria\.gradle\caches\modules-2\files-2.1\org.jetbrains.kotlin\kotlin-stdlib\1.8.0\1796921c7a3e2e2665a83e6c8d33399336cd39bc\kotlin-stdlib-1.8.0.jar;C:\Users\adria\.gradle\caches\modules-2\files-2.1\org.jetbrains.kotlin\kotlin-script-runtime\1.8.0\b2f7e760d283cb339974851c222a4c1d48f2d3d\kotlin-script-runtime-1.8.0.jar;C:\Users\adria\.gradle\caches\modules-2\files-2.1\org.jetbrains.kotlin\kotlin-reflect\1.6.10\1cbe9c92c12a94eea200d23c2bbaedaf3daf5132\kotlin-reflect-1.6.10.jar;C:\Users\adria\.gradle\caches\modules-2\files-2.1\org.jetbrains.kotlin\kotlin-daemon-embeddable\1.8.0\d255216c551685dc3a7e852b53617f5f01aaaa5c\kotlin-daemon-embeddable-1.8.0.jar;C:\Users\adria\.gradle\caches\modules-2\files-2.1\org.jetbrains.intellij.deps\trove4j\1.0.20200330\3afb14d5f9ceb459d724e907a21145e8ff394f02\trove4j-1.0.20200330.jar;C:\Users\adria\.gradle\caches\modules-2\files-2.1\net.java.dev.jna\jna\5.6.0\330f2244e9030119ab3030fc3fededc86713d9cc\jna-5.6.0.jar;C:\Users\adria\.gradle\caches\modules-2\files-2.1\org.jetbrains.kotlin\kotlin-stdlib-common\1.8.0\f7197e7cc76453ac59f8b0f8d5137cc600becd36\kotlin-stdlib-common-1.8.0.jar;C:\Users\adria\.gradle\caches\modules-2\files-2.1\org.jetbrains\annotations\13.0\919f0dfe192fb4e063e7dacadee7f8bb9a2672a9\annotations-13.0.jar
Launcher Type: SUN_STANDARD

[Global flags]
     intx CICompilerCount                          = 4                                         {product} {ergonomic}
     uint ConcGCThreads                            = 2                                         {product} {ergonomic}
     uint G1ConcRefinementThreads                  = 8                                         {product} {ergonomic}
   size_t G1HeapRegionSize                         = 1048576                                   {product} {ergonomic}
    uintx GCDrainStackTargetSize                   = 64                                        {product} {ergonomic}
   size_t InitialHeapSize                          = 199229440                                 {product} {ergonomic}
   size_t MarkStackSize                            = 4194304                                   {product} {ergonomic}
   size_t MaxHeapSize                              = 3168796672                                {product} {ergonomic}
   size_t MaxNewSize                               = 1901068288                                {product} {ergonomic}
   size_t MinHeapDeltaBytes                        = 1048576                                   {product} {ergonomic}
    uintx NonNMethodCodeHeapSize                   = 5836300                                {pd product} {ergonomic}
    uintx NonProfiledCodeHeapSize                  = 122910970                              {pd product} {ergonomic}
    uintx ProfiledCodeHeapSize                     = 122910970                              {pd product} {ergonomic}
    uintx ReservedCodeCacheSize                    = 251658240                              {pd product} {ergonomic}
     bool SegmentedCodeCache                       = true                                      {product} {ergonomic}
     bool UseCompressedClassPointers               = true                                 {lp64_product} {ergonomic}
     bool UseCompressedOops                        = true                                 {lp64_product} {ergonomic}
     bool UseG1GC                                  = true                                      {product} {ergonomic}
     bool UseLargePagesIndividualAllocation        = false                                  {pd product} {ergonomic}

Logging:
Log output configuration:
 #0: stdout all=warning uptime,level,tags
 #1: stderr all=off uptime,level,tags

Environment Variables:
PATH=C:\Python310\Scripts\;C:\Python310\;C:\Windows\system32;C:\Windows;C:\Windows\System32\Wbem;C:\Windows\System32\WindowsPowerShell\v1.0\;C:\Windows\System32\OpenSSH\;C:\Program Files\Git\cmd;C:\Program Files\nodejs\;C:\ProgramData\chocolatey\bin;C:\Program Files\Microsoft VS Code\bin;C:\Users\adria\AppData\Local\Microsoft\WindowsApps;;C:\Users\adria\AppData\Roaming\npm
USERNAME=Achis
OS=Windows_NT
PROCESSOR_IDENTIFIER=Intel64 Family 6 Model 140 Stepping 1, GenuineIntel



---------------  S Y S T E M  ---------------

OS: Windows 11 , 64 bit Build 22000 (10.0.22000.1335)
OS uptime: 5 days 23:28 hours
Hyper-V role detected

CPU:total 8 (initial active 8) (4 cores per cpu, 2 threads per core) family 6 model 140 stepping 1 microcode 0x9a, cmov, cx8, fxsr, mmx, sse, sse2, sse3, ssse3, sse4.1, sse4.2, popcnt, avx, avx2, aes, clmul, erms, 3dnowpref, lzcnt, ht, tsc, tscinvbit, bmi1, bmi2, adx, evex, sha, fma

Memory: 4k page, system-wide physical 12087M (581M free)
TotalPageFile size 16183M (AvailPageFile size 19M)
current process WorkingSet (physical memory assigned to process): 263M, peak: 263M
current process commit charge ("private bytes"): 404M, peak: 442M

vm_info: OpenJDK 64-Bit Server VM (11.0.15+0-b2043.56-9505619) for windows-amd64 JRE (11.0.15+0-b2043.56-9505619), built on Jan 19 2023 02:48:00 by "builduser" with unknown MS VC++:1929

END.
