#
# There is insufficient memory for the Java Runtime Environment to continue.
# Native memory allocation (mmap) failed to map 39845888 bytes for Failed to commit area from 0x000000074f000000 to 0x0000000751600000 of length 39845888.
# Possible reasons:
#   The system is out of physical RAM or swap space
#   The process is running with CompressedOops enabled, and the Java Heap may be blocking the growth of the native heap
# Possible solutions:
#   Reduce memory load on the system
#   Increase physical memory or swap space
#   Check if swap backing store is full
#   Decrease Java heap size (-Xmx/-Xms)
#   Decrease number of Java threads
#   Decrease Java thread stack sizes (-Xss)
#   Set larger code cache with -XX:ReservedCodeCacheSize=
#   JVM is running with Zero Based Compressed Oops mode in which the Java heap is
#     placed in the first 32GB address space. The Java Heap base address is the
#     maximum limit for the native heap growth. Please use -XX:HeapBaseMinAddress
#     to set the Java Heap base and to place the Java Heap above 32GB virtual address.
# This output file may be truncated or incomplete.
#
#  Out of Memory Error (src/hotspot/os/windows/os_windows.cpp:3627), pid=42072, tid=24160
#
# JRE version: OpenJDK Runtime Environment (11.0.15) (build 11.0.15+0-b2043.56-9505619)
# Java VM: OpenJDK 64-Bit Server VM (11.0.15+0-b2043.56-9505619, mixed mode, tiered, compressed oops, g1 gc, windows-amd64)
# No core dump will be written. Minidumps are not enabled by default on client versions of Windows
#

---------------  S U M M A R Y ------------

Command Line: org.jetbrains.kotlin.cli.jvm.K2JVMCompiler @C:\Users\adria\Proyectos\CatDogSearcher\app\build\20230809_7065720280670251533.compiler.options

Host: 11th Gen Intel(R) Core(TM) i5-1135G7 @ 2.40GHz, 8 cores, 11G,  Windows 11 , 64 bit Build 22000 (10.0.22000.1335)
Time: Wed Aug  9 12:06:46 2023 Hora estándar de Argentina elapsed time: 2.183733 seconds (0d 0h 0m 2s)

---------------  T H R E A D  ---------------

Current thread (0x0000028e6a60d000):  VMThread "VM Thread" [stack: 0x000000bd82800000,0x000000bd82900000] [id=24160]

Stack: [0x000000bd82800000,0x000000bd82900000]
[error occurred during error reporting (printing stack bounds), id 0xc0000005, EXCEPTION_ACCESS_VIOLATION (0xc0000005) at pc=0x0000028e510012e7]

Native frames: (J=compiled Java code, j=interpreted, Vv=VM code, C=native code)
V  [jvm.dll+0x64135a]
V  [jvm.dll+0x7d39f9]
V  [jvm.dll+0x7d51b9]
V  [jvm.dll+0x7d5805]
V  [jvm.dll+0x7d57bb]
V  [jvm.dll+0x640655]
V  [jvm.dll+0x640d68]
C  [ntdll.dll+0xa8b1f]
C  [ntdll.dll+0x35b9a]
C  [ntdll.dll+0xa7b2e]
C  0x0000028e510012e7

VM_Operation (0x000000bd822fd510): G1CollectForAllocation, mode: safepoint, requested by thread 0x0000028e4bd01000


---------------  P R O C E S S  ---------------

Threads class SMR info:
_java_thread_list=0x0000028e6b05d4b0, length=12, elements={
0x0000028e4bd01000, 0x0000028e6ae32000, 0x0000028e6ae35000, 0x0000028e6ae51000,
0x0000028e6ae52800, 0x0000028e6ae56800, 0x0000028e6ae57800, 0x0000028e6ae9e000,
0x0000028e6aea0000, 0x0000028e6b00b000, 0x0000028e6b07f000, 0x0000028e6b01d800
}

Java Threads: ( => current thread )
  0x0000028e4bd01000 JavaThread "main" [_thread_blocked, id=47256, stack(0x000000bd82200000,0x000000bd82300000)]
  0x0000028e6ae32000 JavaThread "Reference Handler" daemon [_thread_blocked, id=51332, stack(0x000000bd82900000,0x000000bd82a00000)]
  0x0000028e6ae35000 JavaThread "Finalizer" daemon [_thread_blocked, id=41512, stack(0x000000bd82a00000,0x000000bd82b00000)]
  0x0000028e6ae51000 JavaThread "Signal Dispatcher" daemon [_thread_blocked, id=28708, stack(0x000000bd82b00000,0x000000bd82c00000)]
  0x0000028e6ae52800 JavaThread "Attach Listener" daemon [_thread_blocked, id=34320, stack(0x000000bd82c00000,0x000000bd82d00000)]
  0x0000028e6ae56800 JavaThread "Service Thread" daemon [_thread_blocked, id=45916, stack(0x000000bd82d00000,0x000000bd82e00000)]
  0x0000028e6ae57800 JavaThread "C2 CompilerThread0" daemon [_thread_blocked, id=51728, stack(0x000000bd82e00000,0x000000bd82f00000)]
  0x0000028e6ae9e000 JavaThread "C1 CompilerThread0" daemon [_thread_blocked, id=44304, stack(0x000000bd82f00000,0x000000bd83000000)]
  0x0000028e6aea0000 JavaThread "Sweeper thread" daemon [_thread_blocked, id=43020, stack(0x000000bd83000000,0x000000bd83100000)]
  0x0000028e6b00b000 JavaThread "Common-Cleaner" daemon [_thread_blocked, id=51916, stack(0x000000bd83200000,0x000000bd83300000)]
  0x0000028e6b07f000 JavaThread "C2 CompilerThread1" daemon [_thread_blocked, id=47944, stack(0x000000bd83300000,0x000000bd83400000)]
  0x0000028e6b01d800 JavaThread "C2 CompilerThread2" daemon [_thread_blocked, id=48840, stack(0x000000bd83400000,0x000000bd83500000)]

Other Threads:
=>0x0000028e6a60d000 VMThread "VM Thread" [stack: 0x000000bd82800000,0x000000bd82900000] [id=24160]
  0x0000028e6b009000 WatcherThread [stack: 0x000000bd83100000,0x000000bd83200000] [id=43004]
  0x0000028e4bd19000 GCTaskThread "GC Thread#0" [stack: 0x000000bd82300000,0x000000bd82400000] [id=48976]
  0x0000028e6b7b5800 GCTaskThread "GC Thread#1" [stack: 0x000000bd83500000,0x000000bd83600000] [id=40228]
  0x0000028e6b873000 GCTaskThread "GC Thread#2" [stack: 0x000000bd83600000,0x000000bd83700000] [id=42176]
  0x0000028e6b873800 GCTaskThread "GC Thread#3" [stack: 0x000000bd83700000,0x000000bd83800000] [id=41808]
  0x0000028e4bd5d800 ConcurrentGCThread "G1 Main Marker" [stack: 0x000000bd82400000,0x000000bd82500000] [id=32408]
  0x0000028e4bd60000 ConcurrentGCThread "G1 Conc#0" [stack: 0x000000bd82500000,0x000000bd82600000] [id=38492]
  0x0000028e6b893800 ConcurrentGCThread "G1 Conc#1" [stack: 0x000000bd83800000,0x000000bd83900000] [id=44472]
  0x0000028e4bddd800 ConcurrentGCThread "G1 Refine#0" [stack: 0x000000bd82600000,0x000000bd82700000] [id=51960]
  0x0000028e6c5a9800 ConcurrentGCThread "G1 Refine#1" [stack: 0x000000bd83900000,0x000000bd83a00000] [id=45192]
  0x0000028e6a474800 ConcurrentGCThread "G1 Young RemSet Sampling" [stack: 0x000000bd82700000,0x000000bd82800000] [id=41140]

Threads with active compile tasks:
C2 CompilerThread0     2187 2879       4       jdk.internal.ref.PhantomCleanable::<init> (49 bytes)
C1 CompilerThread0     2187 2892       3       org.jetbrains.kotlin.container.StorageComponentContainer::createResolveContext (40 bytes)

VM state:at safepoint (normal execution)

VM Mutex/Monitor currently owned by a thread:  ([mutex/lock_event])
[0x0000028e4bcfc630] Threads_lock - owner thread: 0x0000028e6a60d000
[0x0000028e4bcfc750] Heap_lock - owner thread: 0x0000028e4bd01000

Heap address: 0x0000000743200000, size: 3022 MB, Compressed Oops mode: Zero based, Oop shift amount: 3
Narrow klass base: 0x0000000800000000, Narrow klass shift: 0
Compressed class space size: 1073741824 Address: 0x0000000800000000

Heap:
 garbage-first heap   total 233472K, used 26403K [0x0000000743200000, 0x0000000800000000)
  region size 1024K, 6 young (6144K), 6 survivors (6144K)
 Metaspace       used 42264K, capacity 42709K, committed 42928K, reserved 1087488K
  class space    used 4990K, capacity 5183K, committed 5296K, reserved 1048576K
Heap Regions: E=young(eden), S=young(survivor), O=old, HS=humongous(starts), HC=humongous(continues), CS=collection set, F=free, A=archive, TAMS=top-at-mark-start (previous, next)
|   0|0x0000000743200000, 0x0000000743300000, 0x0000000743300000|100%|HS|  |TAMS 0x0000000743300000, 0x0000000743200000| Complete 
|   1|0x0000000743300000, 0x0000000743400000, 0x0000000743400000|100%|HC|  |TAMS 0x0000000743400000, 0x0000000743300000| Complete 
|   2|0x0000000743400000, 0x0000000743500000, 0x0000000743500000|100%|HC|  |TAMS 0x0000000743500000, 0x0000000743400000| Complete 
|   3|0x0000000743500000, 0x0000000743600000, 0x0000000743600000|100%|HC|  |TAMS 0x0000000743600000, 0x0000000743500000| Complete 
|   4|0x0000000743600000, 0x0000000743700000, 0x0000000743700000|100%|HS|  |TAMS 0x0000000743700000, 0x0000000743600000| Complete 
|   5|0x0000000743700000, 0x0000000743800000, 0x0000000743800000|100%|HC|  |TAMS 0x0000000743800000, 0x0000000743700000| Complete 
|   6|0x0000000743800000, 0x0000000743900000, 0x0000000743900000|100%|HC|  |TAMS 0x0000000743900000, 0x0000000743800000| Complete 
|   7|0x0000000743900000, 0x0000000743a00000, 0x0000000743a00000|100%|HC|  |TAMS 0x0000000743a00000, 0x0000000743900000| Complete 
|   8|0x0000000743a00000, 0x0000000743b00000, 0x0000000743b00000|100%| O|  |TAMS 0x0000000743a00000, 0x0000000743a00000| Untracked 
|   9|0x0000000743b00000, 0x0000000743c00000, 0x0000000743c00000|100%| O|  |TAMS 0x0000000743b00000, 0x0000000743b00000| Untracked 
|  10|0x0000000743c00000, 0x0000000743d00000, 0x0000000743d00000|100%| O|  |TAMS 0x0000000743d00000, 0x0000000743c00000| Untracked 
|  11|0x0000000743d00000, 0x0000000743e00000, 0x0000000743e00000|100%| O|  |TAMS 0x0000000743e00000, 0x0000000743d00000| Untracked 
|  12|0x0000000743e00000, 0x0000000743f00000, 0x0000000743f00000|100%| O|  |TAMS 0x0000000743f00000, 0x0000000743e00000| Untracked 
|  13|0x0000000743f00000, 0x0000000744000000, 0x0000000744000000|100%| O|  |TAMS 0x0000000744000000, 0x0000000743f00000| Untracked 
|  14|0x0000000744000000, 0x0000000744100000, 0x0000000744100000|100%| O|  |TAMS 0x0000000744100000, 0x0000000744000000| Untracked 
|  15|0x0000000744100000, 0x0000000744200000, 0x0000000744200000|100%| O|  |TAMS 0x0000000744200000, 0x0000000744100000| Untracked 
|  16|0x0000000744200000, 0x0000000744300000, 0x0000000744300000|100%| O|  |TAMS 0x0000000744300000, 0x0000000744200000| Untracked 
|  17|0x0000000744300000, 0x0000000744400000, 0x0000000744400000|100%| O|  |TAMS 0x00000007443dde00, 0x0000000744300000| Untracked 
|  18|0x0000000744400000, 0x0000000744500000, 0x0000000744500000|100%| O|  |TAMS 0x0000000744400000, 0x0000000744400000| Untracked 
|  19|0x0000000744500000, 0x0000000744600000, 0x0000000744600000|100%| O|  |TAMS 0x0000000744500000, 0x0000000744500000| Untracked 
|  20|0x0000000744600000, 0x0000000744676a00, 0x0000000744700000| 46%| O|  |TAMS 0x0000000744600000, 0x0000000744600000| Untracked 
|  21|0x0000000744700000, 0x0000000744700000, 0x0000000744800000|  0%| F|  |TAMS 0x0000000744700000, 0x0000000744700000| Untracked 
|  22|0x0000000744800000, 0x0000000744800000, 0x0000000744900000|  0%| F|  |TAMS 0x0000000744800000, 0x0000000744800000| Untracked 
|  23|0x0000000744900000, 0x0000000744900000, 0x0000000744a00000|  0%| F|  |TAMS 0x0000000744900000, 0x0000000744900000| Untracked 
|  24|0x0000000744a00000, 0x0000000744a00000, 0x0000000744b00000|  0%| F|  |TAMS 0x0000000744a00000, 0x0000000744a00000| Untracked 
|  25|0x0000000744b00000, 0x0000000744b00000, 0x0000000744c00000|  0%| F|  |TAMS 0x0000000744b00000, 0x0000000744b00000| Untracked 
|  26|0x0000000744c00000, 0x0000000744c00000, 0x0000000744d00000|  0%| F|  |TAMS 0x0000000744c00000, 0x0000000744c00000| Untracked 
|  27|0x0000000744d00000, 0x0000000744d00000, 0x0000000744e00000|  0%| F|  |TAMS 0x0000000744d00000, 0x0000000744d00000| Untracked 
|  28|0x0000000744e00000, 0x0000000744e00000, 0x0000000744f00000|  0%| F|  |TAMS 0x0000000744e00000, 0x0000000744e00000| Untracked 
|  29|0x0000000744f00000, 0x0000000744f00000, 0x0000000745000000|  0%| F|  |TAMS 0x0000000744f00000, 0x0000000744f00000| Untracked 
|  30|0x0000000745000000, 0x0000000745000000, 0x0000000745100000|  0%| F|  |TAMS 0x0000000745000000, 0x0000000745000000| Untracked 
|  31|0x0000000745100000, 0x0000000745100000, 0x0000000745200000|  0%| F|  |TAMS 0x0000000745100000, 0x0000000745100000| Untracked 
|  32|0x0000000745200000, 0x0000000745200000, 0x0000000745300000|  0%| F|  |TAMS 0x0000000745200000, 0x0000000745200000| Untracked 
|  33|0x0000000745300000, 0x0000000745300000, 0x0000000745400000|  0%| F|  |TAMS 0x0000000745300000, 0x0000000745300000| Untracked 
|  34|0x0000000745400000, 0x0000000745400000, 0x0000000745500000|  0%| F|  |TAMS 0x0000000745400000, 0x0000000745400000| Untracked 
|  35|0x0000000745500000, 0x0000000745500000, 0x0000000745600000|  0%| F|  |TAMS 0x0000000745500000, 0x0000000745500000| Untracked 
|  36|0x0000000745600000, 0x0000000745600000, 0x0000000745700000|  0%| F|  |TAMS 0x0000000745600000, 0x0000000745600000| Untracked 
|  37|0x0000000745700000, 0x0000000745700000, 0x0000000745800000|  0%| F|  |TAMS 0x0000000745700000, 0x0000000745700000| Untracked 
|  38|0x0000000745800000, 0x0000000745800000, 0x0000000745900000|  0%| F|  |TAMS 0x0000000745800000, 0x0000000745800000| Untracked 
|  39|0x0000000745900000, 0x0000000745900000, 0x0000000745a00000|  0%| F|  |TAMS 0x0000000745900000, 0x0000000745900000| Untracked 
|  40|0x0000000745a00000, 0x0000000745a00000, 0x0000000745b00000|  0%| F|  |TAMS 0x0000000745a00000, 0x0000000745a00000| Untracked 
|  41|0x0000000745b00000, 0x0000000745b00000, 0x0000000745c00000|  0%| F|  |TAMS 0x0000000745b00000, 0x0000000745b00000| Untracked 
|  42|0x0000000745c00000, 0x0000000745c00000, 0x0000000745d00000|  0%| F|  |TAMS 0x0000000745c00000, 0x0000000745c00000| Untracked 
|  43|0x0000000745d00000, 0x0000000745d00000, 0x0000000745e00000|  0%| F|  |TAMS 0x0000000745d00000, 0x0000000745d00000| Untracked 
|  44|0x0000000745e00000, 0x0000000745e00000, 0x0000000745f00000|  0%| F|  |TAMS 0x0000000745e00000, 0x0000000745e00000| Untracked 
|  45|0x0000000745f00000, 0x0000000745f00000, 0x0000000746000000|  0%| F|  |TAMS 0x0000000745f00000, 0x0000000745f00000| Untracked 
|  46|0x0000000746000000, 0x0000000746000000, 0x0000000746100000|  0%| F|  |TAMS 0x0000000746000000, 0x0000000746000000| Untracked 
|  47|0x0000000746100000, 0x0000000746100000, 0x0000000746200000|  0%| F|  |TAMS 0x0000000746100000, 0x0000000746100000| Untracked 
|  48|0x0000000746200000, 0x0000000746200000, 0x0000000746300000|  0%| F|  |TAMS 0x0000000746200000, 0x0000000746200000| Untracked 
|  49|0x0000000746300000, 0x0000000746300000, 0x0000000746400000|  0%| F|  |TAMS 0x0000000746300000, 0x0000000746300000| Untracked 
|  50|0x0000000746400000, 0x0000000746400000, 0x0000000746500000|  0%| F|  |TAMS 0x0000000746400000, 0x0000000746400000| Untracked 
|  51|0x0000000746500000, 0x0000000746500000, 0x0000000746600000|  0%| F|  |TAMS 0x0000000746500000, 0x0000000746500000| Untracked 
|  52|0x0000000746600000, 0x0000000746600000, 0x0000000746700000|  0%| F|  |TAMS 0x0000000746600000, 0x0000000746600000| Untracked 
|  53|0x0000000746700000, 0x0000000746700000, 0x0000000746800000|  0%| F|  |TAMS 0x0000000746700000, 0x0000000746700000| Untracked 
|  54|0x0000000746800000, 0x0000000746800000, 0x0000000746900000|  0%| F|  |TAMS 0x0000000746800000, 0x0000000746800000| Untracked 
|  55|0x0000000746900000, 0x0000000746900000, 0x0000000746a00000|  0%| F|  |TAMS 0x0000000746900000, 0x0000000746900000| Untracked 
|  56|0x0000000746a00000, 0x0000000746a00000, 0x0000000746b00000|  0%| F|  |TAMS 0x0000000746a00000, 0x0000000746a00000| Untracked 
|  57|0x0000000746b00000, 0x0000000746b00000, 0x0000000746c00000|  0%| F|  |TAMS 0x0000000746b00000, 0x0000000746b00000| Untracked 
|  58|0x0000000746c00000, 0x0000000746c00000, 0x0000000746d00000|  0%| F|  |TAMS 0x0000000746c00000, 0x0000000746c00000| Untracked 
|  59|0x0000000746d00000, 0x0000000746d00000, 0x0000000746e00000|  0%| F|  |TAMS 0x0000000746d00000, 0x0000000746d00000| Untracked 
|  60|0x0000000746e00000, 0x0000000746e00000, 0x0000000746f00000|  0%| F|  |TAMS 0x0000000746e00000, 0x0000000746e00000| Untracked 
|  61|0x0000000746f00000, 0x0000000746f00000, 0x0000000747000000|  0%| F|  |TAMS 0x0000000746f00000, 0x0000000746f00000| Untracked 
|  62|0x0000000747000000, 0x0000000747000000, 0x0000000747100000|  0%| F|  |TAMS 0x0000000747000000, 0x0000000747000000| Untracked 
|  63|0x0000000747100000, 0x0000000747100000, 0x0000000747200000|  0%| F|  |TAMS 0x0000000747100000, 0x0000000747100000| Untracked 
|  64|0x0000000747200000, 0x0000000747200000, 0x0000000747300000|  0%| F|  |TAMS 0x0000000747200000, 0x0000000747200000| Untracked 
|  65|0x0000000747300000, 0x0000000747300000, 0x0000000747400000|  0%| F|  |TAMS 0x0000000747300000, 0x0000000747300000| Untracked 
|  66|0x0000000747400000, 0x0000000747400000, 0x0000000747500000|  0%| F|  |TAMS 0x0000000747400000, 0x0000000747400000| Untracked 
|  67|0x0000000747500000, 0x0000000747500000, 0x0000000747600000|  0%| F|  |TAMS 0x0000000747500000, 0x0000000747500000| Untracked 
|  68|0x0000000747600000, 0x0000000747600000, 0x0000000747700000|  0%| F|  |TAMS 0x0000000747600000, 0x0000000747600000| Untracked 
|  69|0x0000000747700000, 0x0000000747700000, 0x0000000747800000|  0%| F|  |TAMS 0x0000000747700000, 0x0000000747700000| Untracked 
|  70|0x0000000747800000, 0x0000000747800000, 0x0000000747900000|  0%| F|  |TAMS 0x0000000747800000, 0x0000000747800000| Untracked 
|  71|0x0000000747900000, 0x0000000747900000, 0x0000000747a00000|  0%| F|  |TAMS 0x0000000747900000, 0x0000000747900000| Untracked 
|  72|0x0000000747a00000, 0x0000000747a00000, 0x0000000747b00000|  0%| F|  |TAMS 0x0000000747a00000, 0x0000000747a00000| Untracked 
|  73|0x0000000747b00000, 0x0000000747b00000, 0x0000000747c00000|  0%| F|  |TAMS 0x0000000747b00000, 0x0000000747b00000| Untracked 
|  74|0x0000000747c00000, 0x0000000747c00000, 0x0000000747d00000|  0%| F|  |TAMS 0x0000000747c00000, 0x0000000747c00000| Untracked 
|  75|0x0000000747d00000, 0x0000000747d00000, 0x0000000747e00000|  0%| F|  |TAMS 0x0000000747d00000, 0x0000000747d00000| Untracked 
|  76|0x0000000747e00000, 0x0000000747e00000, 0x0000000747f00000|  0%| F|  |TAMS 0x0000000747e00000, 0x0000000747e00000| Untracked 
|  77|0x0000000747f00000, 0x0000000747f00000, 0x0000000748000000|  0%| F|  |TAMS 0x0000000747f00000, 0x0000000747f00000| Untracked 
|  78|0x0000000748000000, 0x0000000748000000, 0x0000000748100000|  0%| F|  |TAMS 0x0000000748000000, 0x0000000748000000| Untracked 
|  79|0x0000000748100000, 0x0000000748100000, 0x0000000748200000|  0%| F|  |TAMS 0x0000000748100000, 0x0000000748100000| Untracked 
|  80|0x0000000748200000, 0x0000000748200000, 0x0000000748300000|  0%| F|  |TAMS 0x0000000748200000, 0x0000000748200000| Untracked 
|  81|0x0000000748300000, 0x0000000748300000, 0x0000000748400000|  0%| F|  |TAMS 0x0000000748300000, 0x0000000748300000| Untracked 
|  82|0x0000000748400000, 0x0000000748400000, 0x0000000748500000|  0%| F|  |TAMS 0x0000000748400000, 0x0000000748400000| Untracked 
|  83|0x0000000748500000, 0x0000000748500000, 0x0000000748600000|  0%| F|  |TAMS 0x0000000748500000, 0x0000000748500000| Untracked 
|  84|0x0000000748600000, 0x0000000748600000, 0x0000000748700000|  0%| F|  |TAMS 0x0000000748600000, 0x0000000748600000| Untracked 
|  85|0x0000000748700000, 0x0000000748700000, 0x0000000748800000|  0%| F|  |TAMS 0x0000000748700000, 0x0000000748700000| Untracked 
|  86|0x0000000748800000, 0x0000000748800000, 0x0000000748900000|  0%| F|  |TAMS 0x0000000748800000, 0x0000000748800000| Untracked 
|  87|0x0000000748900000, 0x0000000748900000, 0x0000000748a00000|  0%| F|  |TAMS 0x0000000748900000, 0x0000000748900000| Untracked 
|  88|0x0000000748a00000, 0x0000000748a00000, 0x0000000748b00000|  0%| F|  |TAMS 0x0000000748a00000, 0x0000000748a00000| Untracked 
|  89|0x0000000748b00000, 0x0000000748b00000, 0x0000000748c00000|  0%| F|  |TAMS 0x0000000748b00000, 0x0000000748b00000| Untracked 
|  90|0x0000000748c00000, 0x0000000748c00000, 0x0000000748d00000|  0%| F|  |TAMS 0x0000000748c00000, 0x0000000748c00000| Untracked 
|  91|0x0000000748d00000, 0x0000000748d00000, 0x0000000748e00000|  0%| F|  |TAMS 0x0000000748d00000, 0x0000000748d00000| Untracked 
|  92|0x0000000748e00000, 0x0000000748e00000, 0x0000000748f00000|  0%| F|  |TAMS 0x0000000748e00000, 0x0000000748e00000| Untracked 
|  93|0x0000000748f00000, 0x0000000748f00000, 0x0000000749000000|  0%| F|  |TAMS 0x0000000748f00000, 0x0000000748f00000| Untracked 
|  94|0x0000000749000000, 0x0000000749000000, 0x0000000749100000|  0%| F|  |TAMS 0x0000000749000000, 0x0000000749000000| Untracked 
|  95|0x0000000749100000, 0x0000000749100000, 0x0000000749200000|  0%| F|  |TAMS 0x0000000749100000, 0x0000000749100000| Untracked 
|  96|0x0000000749200000, 0x0000000749200000, 0x0000000749300000|  0%| F|  |TAMS 0x0000000749200000, 0x0000000749200000| Untracked 
|  97|0x0000000749300000, 0x0000000749300000, 0x0000000749400000|  0%| F|  |TAMS 0x0000000749300000, 0x0000000749300000| Untracked 
|  98|0x0000000749400000, 0x0000000749400000, 0x0000000749500000|  0%| F|  |TAMS 0x0000000749400000, 0x0000000749400000| Untracked 
|  99|0x0000000749500000, 0x0000000749500000, 0x0000000749600000|  0%| F|  |TAMS 0x0000000749500000, 0x0000000749500000| Untracked 
| 100|0x0000000749600000, 0x0000000749600000, 0x0000000749700000|  0%| F|  |TAMS 0x0000000749600000, 0x0000000749600000| Untracked 
| 101|0x0000000749700000, 0x0000000749700000, 0x0000000749800000|  0%| F|  |TAMS 0x0000000749700000, 0x0000000749700000| Untracked 
| 102|0x0000000749800000, 0x0000000749800000, 0x0000000749900000|  0%| F|  |TAMS 0x0000000749800000, 0x0000000749800000| Untracked 
| 103|0x0000000749900000, 0x0000000749900000, 0x0000000749a00000|  0%| F|  |TAMS 0x0000000749900000, 0x0000000749900000| Untracked 
| 104|0x0000000749a00000, 0x0000000749a00000, 0x0000000749b00000|  0%| F|  |TAMS 0x0000000749a00000, 0x0000000749a00000| Untracked 
| 105|0x0000000749b00000, 0x0000000749b00000, 0x0000000749c00000|  0%| F|  |TAMS 0x0000000749b00000, 0x0000000749b00000| Untracked 
| 106|0x0000000749c00000, 0x0000000749c00000, 0x0000000749d00000|  0%| F|  |TAMS 0x0000000749c00000, 0x0000000749c00000| Untracked 
| 107|0x0000000749d00000, 0x0000000749d00000, 0x0000000749e00000|  0%| F|  |TAMS 0x0000000749d00000, 0x0000000749d00000| Untracked 
| 108|0x0000000749e00000, 0x0000000749e00000, 0x0000000749f00000|  0%| F|  |TAMS 0x0000000749e00000, 0x0000000749e00000| Untracked 
| 109|0x0000000749f00000, 0x0000000749f00000, 0x000000074a000000|  0%| F|  |TAMS 0x0000000749f00000, 0x0000000749f00000| Untracked 
| 110|0x000000074a000000, 0x000000074a000000, 0x000000074a100000|  0%| F|  |TAMS 0x000000074a000000, 0x000000074a000000| Untracked 
| 111|0x000000074a100000, 0x000000074a100000, 0x000000074a200000|  0%| F|  |TAMS 0x000000074a100000, 0x000000074a100000| Untracked 
| 112|0x000000074a200000, 0x000000074a200000, 0x000000074a300000|  0%| F|  |TAMS 0x000000074a200000, 0x000000074a200000| Untracked 
| 113|0x000000074a300000, 0x000000074a300000, 0x000000074a400000|  0%| F|  |TAMS 0x000000074a300000, 0x000000074a300000| Untracked 
| 114|0x000000074a400000, 0x000000074a400000, 0x000000074a500000|  0%| F|  |TAMS 0x000000074a400000, 0x000000074a400000| Untracked 
| 115|0x000000074a500000, 0x000000074a500000, 0x000000074a600000|  0%| F|  |TAMS 0x000000074a500000, 0x000000074a500000| Untracked 
| 116|0x000000074a600000, 0x000000074a600000, 0x000000074a700000|  0%| F|  |TAMS 0x000000074a600000, 0x000000074a600000| Untracked 
| 117|0x000000074a700000, 0x000000074a700000, 0x000000074a800000|  0%| F|  |TAMS 0x000000074a700000, 0x000000074a700000| Untracked 
| 118|0x000000074a800000, 0x000000074a800000, 0x000000074a900000|  0%| F|  |TAMS 0x000000074a800000, 0x000000074a800000| Untracked 
| 119|0x000000074a900000, 0x000000074a900000, 0x000000074aa00000|  0%| F|  |TAMS 0x000000074a900000, 0x000000074a900000| Untracked 
| 120|0x000000074aa00000, 0x000000074aa00000, 0x000000074ab00000|  0%| F|  |TAMS 0x000000074aa00000, 0x000000074aa00000| Untracked 
| 121|0x000000074ab00000, 0x000000074ab00000, 0x000000074ac00000|  0%| F|  |TAMS 0x000000074ab00000, 0x000000074ab00000| Untracked 
| 122|0x000000074ac00000, 0x000000074ac00000, 0x000000074ad00000|  0%| F|  |TAMS 0x000000074ac00000, 0x000000074ac00000| Untracked 
| 123|0x000000074ad00000, 0x000000074ad00000, 0x000000074ae00000|  0%| F|  |TAMS 0x000000074ad00000, 0x000000074ad00000| Untracked 
| 124|0x000000074ae00000, 0x000000074ae00000, 0x000000074af00000|  0%| F|  |TAMS 0x000000074ae00000, 0x000000074ae00000| Untracked 
| 125|0x000000074af00000, 0x000000074af00000, 0x000000074b000000|  0%| F|  |TAMS 0x000000074af00000, 0x000000074af00000| Untracked 
| 126|0x000000074b000000, 0x000000074b000000, 0x000000074b100000|  0%| F|  |TAMS 0x000000074b000000, 0x000000074b000000| Untracked 
| 127|0x000000074b100000, 0x000000074b100000, 0x000000074b200000|  0%| F|  |TAMS 0x000000074b100000, 0x000000074b100000| Untracked 
| 128|0x000000074b200000, 0x000000074b200000, 0x000000074b300000|  0%| F|  |TAMS 0x000000074b200000, 0x000000074b200000| Untracked 
| 129|0x000000074b300000, 0x000000074b300000, 0x000000074b400000|  0%| F|  |TAMS 0x000000074b300000, 0x000000074b300000| Untracked 
| 130|0x000000074b400000, 0x000000074b400000, 0x000000074b500000|  0%| F|  |TAMS 0x000000074b400000, 0x000000074b400000| Untracked 
| 131|0x000000074b500000, 0x000000074b500000, 0x000000074b600000|  0%| F|  |TAMS 0x000000074b500000, 0x000000074b500000| Untracked 
| 132|0x000000074b600000, 0x000000074b600000, 0x000000074b700000|  0%| F|  |TAMS 0x000000074b600000, 0x000000074b600000| Untracked 
| 133|0x000000074b700000, 0x000000074b700000, 0x000000074b800000|  0%| F|  |TAMS 0x000000074b700000, 0x000000074b700000| Untracked 
| 134|0x000000074b800000, 0x000000074b800000, 0x000000074b900000|  0%| F|  |TAMS 0x000000074b800000, 0x000000074b800000| Untracked 
| 135|0x000000074b900000, 0x000000074b900000, 0x000000074ba00000|  0%| F|  |TAMS 0x000000074b900000, 0x000000074b900000| Untracked 
| 136|0x000000074ba00000, 0x000000074ba00000, 0x000000074bb00000|  0%| F|  |TAMS 0x000000074ba00000, 0x000000074ba00000| Untracked 
| 137|0x000000074bb00000, 0x000000074bb00000, 0x000000074bc00000|  0%| F|  |TAMS 0x000000074bb00000, 0x000000074bb00000| Untracked 
| 138|0x000000074bc00000, 0x000000074bc00000, 0x000000074bd00000|  0%| F|  |TAMS 0x000000074bc00000, 0x000000074bc00000| Untracked 
| 139|0x000000074bd00000, 0x000000074bd00000, 0x000000074be00000|  0%| F|  |TAMS 0x000000074bd00000, 0x000000074bd00000| Untracked 
| 140|0x000000074be00000, 0x000000074be00000, 0x000000074bf00000|  0%| F|  |TAMS 0x000000074be00000, 0x000000074be00000| Untracked 
| 141|0x000000074bf00000, 0x000000074bf00000, 0x000000074c000000|  0%| F|  |TAMS 0x000000074bf00000, 0x000000074bf00000| Untracked 
| 142|0x000000074c000000, 0x000000074c000000, 0x000000074c100000|  0%| F|  |TAMS 0x000000074c000000, 0x000000074c000000| Untracked 
| 143|0x000000074c100000, 0x000000074c152310, 0x000000074c200000| 32%| S|CS|TAMS 0x000000074c100000, 0x000000074c100000| Complete 
| 144|0x000000074c200000, 0x000000074c300000, 0x000000074c300000|100%| S|CS|TAMS 0x000000074c200000, 0x000000074c200000| Complete 
| 145|0x000000074c300000, 0x000000074c400000, 0x000000074c400000|100%| S|CS|TAMS 0x000000074c300000, 0x000000074c300000| Complete 
| 146|0x000000074c400000, 0x000000074c500000, 0x000000074c500000|100%| S|CS|TAMS 0x000000074c400000, 0x000000074c400000| Complete 
| 147|0x000000074c500000, 0x000000074c600000, 0x000000074c600000|100%| S|CS|TAMS 0x000000074c500000, 0x000000074c500000| Complete 
| 148|0x000000074c600000, 0x000000074c700000, 0x000000074c700000|100%| S|CS|TAMS 0x000000074c600000, 0x000000074c600000| Complete 
| 149|0x000000074c700000, 0x000000074c700000, 0x000000074c800000|  0%| F|  |TAMS 0x000000074c700000, 0x000000074c700000| Untracked 
| 150|0x000000074c800000, 0x000000074c800000, 0x000000074c900000|  0%| F|  |TAMS 0x000000074c800000, 0x000000074c800000| Untracked 
| 151|0x000000074c900000, 0x000000074c900000, 0x000000074ca00000|  0%| F|  |TAMS 0x000000074c900000, 0x000000074c900000| Untracked 
| 152|0x000000074ca00000, 0x000000074ca00000, 0x000000074cb00000|  0%| F|  |TAMS 0x000000074ca00000, 0x000000074ca00000| Untracked 
| 153|0x000000074cb00000, 0x000000074cb00000, 0x000000074cc00000|  0%| F|  |TAMS 0x000000074cb00000, 0x000000074cb00000| Untracked 
| 154|0x000000074cc00000, 0x000000074cc00000, 0x000000074cd00000|  0%| F|  |TAMS 0x000000074cc00000, 0x000000074cc00000| Untracked 
| 155|0x000000074cd00000, 0x000000074cd00000, 0x000000074ce00000|  0%| F|  |TAMS 0x000000074cd00000, 0x000000074cd00000| Untracked 
| 156|0x000000074ce00000, 0x000000074ce00000, 0x000000074cf00000|  0%| F|  |TAMS 0x000000074ce00000, 0x000000074ce00000| Untracked 
| 157|0x000000074cf00000, 0x000000074cf00000, 0x000000074d000000|  0%| F|  |TAMS 0x000000074cf00000, 0x000000074cf00000| Untracked 
| 158|0x000000074d000000, 0x000000074d000000, 0x000000074d100000|  0%| F|  |TAMS 0x000000074d000000, 0x000000074d000000| Untracked 
| 159|0x000000074d100000, 0x000000074d100000, 0x000000074d200000|  0%| F|  |TAMS 0x000000074d100000, 0x000000074d100000| Untracked 
| 160|0x000000074d200000, 0x000000074d200000, 0x000000074d300000|  0%| F|  |TAMS 0x000000074d200000, 0x000000074d200000| Untracked 
| 161|0x000000074d300000, 0x000000074d300000, 0x000000074d400000|  0%| F|  |TAMS 0x000000074d300000, 0x000000074d300000| Untracked 
| 162|0x000000074d400000, 0x000000074d400000, 0x000000074d500000|  0%| F|  |TAMS 0x000000074d400000, 0x000000074d400000| Untracked 
| 163|0x000000074d500000, 0x000000074d500000, 0x000000074d600000|  0%| F|  |TAMS 0x000000074d500000, 0x000000074d500000| Untracked 
| 164|0x000000074d600000, 0x000000074d600000, 0x000000074d700000|  0%| F|  |TAMS 0x000000074d600000, 0x000000074d600000| Untracked 
| 165|0x000000074d700000, 0x000000074d700000, 0x000000074d800000|  0%| F|  |TAMS 0x000000074d700000, 0x000000074d700000| Untracked 
| 166|0x000000074d800000, 0x000000074d800000, 0x000000074d900000|  0%| F|  |TAMS 0x000000074d800000, 0x000000074d800000| Untracked 
| 167|0x000000074d900000, 0x000000074d900000, 0x000000074da00000|  0%| F|  |TAMS 0x000000074d900000, 0x000000074d900000| Untracked 
| 168|0x000000074da00000, 0x000000074da00000, 0x000000074db00000|  0%| F|  |TAMS 0x000000074da00000, 0x000000074da00000| Untracked 
| 169|0x000000074db00000, 0x000000074db00000, 0x000000074dc00000|  0%| F|  |TAMS 0x000000074db00000, 0x000000074db00000| Untracked 
| 170|0x000000074dc00000, 0x000000074dc00000, 0x000000074dd00000|  0%| F|  |TAMS 0x000000074dc00000, 0x000000074dc00000| Untracked 
| 171|0x000000074dd00000, 0x000000074dd00000, 0x000000074de00000|  0%| F|  |TAMS 0x000000074dd00000, 0x000000074dd00000| Untracked 
| 172|0x000000074de00000, 0x000000074de00000, 0x000000074df00000|  0%| F|  |TAMS 0x000000074de00000, 0x000000074de00000| Untracked 
| 173|0x000000074df00000, 0x000000074df00000, 0x000000074e000000|  0%| F|  |TAMS 0x000000074df00000, 0x000000074df00000| Untracked 
| 174|0x000000074e000000, 0x000000074e000000, 0x000000074e100000|  0%| F|  |TAMS 0x000000074e000000, 0x000000074e000000| Untracked 
| 175|0x000000074e100000, 0x000000074e100000, 0x000000074e200000|  0%| F|  |TAMS 0x000000074e100000, 0x000000074e100000| Untracked 
| 176|0x000000074e200000, 0x000000074e200000, 0x000000074e300000|  0%| F|  |TAMS 0x000000074e200000, 0x000000074e200000| Untracked 
| 177|0x000000074e300000, 0x000000074e300000, 0x000000074e400000|  0%| F|  |TAMS 0x000000074e300000, 0x000000074e300000| Untracked 
| 178|0x000000074e400000, 0x000000074e400000, 0x000000074e500000|  0%| F|  |TAMS 0x000000074e400000, 0x000000074e400000| Untracked 
| 179|0x000000074e500000, 0x000000074e500000, 0x000000074e600000|  0%| F|  |TAMS 0x000000074e500000, 0x000000074e500000| Untracked 
| 180|0x000000074e600000, 0x000000074e600000, 0x000000074e700000|  0%| F|  |TAMS 0x000000074e600000, 0x000000074e600000| Untracked 
| 181|0x000000074e700000, 0x000000074e700000, 0x000000074e800000|  0%| F|  |TAMS 0x000000074e700000, 0x000000074e700000| Untracked 
| 182|0x000000074e800000, 0x000000074e800000, 0x000000074e900000|  0%| F|  |TAMS 0x000000074e800000, 0x000000074e800000| Untracked 
| 183|0x000000074e900000, 0x000000074e900000, 0x000000074ea00000|  0%| F|  |TAMS 0x000000074e900000, 0x000000074e900000| Untracked 
| 184|0x000000074ea00000, 0x000000074ea00000, 0x000000074eb00000|  0%| F|  |TAMS 0x000000074ea00000, 0x000000074ea00000| Untracked 
| 185|0x000000074eb00000, 0x000000074eb00000, 0x000000074ec00000|  0%| F|  |TAMS 0x000000074eb00000, 0x000000074eb00000| Untracked 
| 186|0x000000074ec00000, 0x000000074ec00000, 0x000000074ed00000|  0%| F|  |TAMS 0x000000074ec00000, 0x000000074ec00000| Untracked 
| 187|0x000000074ed00000, 0x000000074ed00000, 0x000000074ee00000|  0%| F|  |TAMS 0x000000074ed00000, 0x000000074ed00000| Untracked 
| 188|0x000000074ee00000, 0x000000074ee00000, 0x000000074ef00000|  0%| F|  |TAMS 0x000000074ee00000, 0x000000074ee00000| Untracked 
| 189|0x000000074ef00000, 0x000000074ef00000, 0x000000074f000000|  0%| F|  |TAMS 0x000000074ef00000, 0x000000074ef00000| Untracked 

Card table byte_map: [0x0000028e61060000,0x0000028e61650000] _byte_map_base: 0x0000028e5d647000

Marking Bits (Prev, Next): (CMBitMap*) 0x0000028e4bd51138, (CMBitMap*) 0x0000028e4bd51170
 Prev Bits: [0x0000028e61c40000, 0x0000028e64b78000)
 Next Bits: [0x0000028e64b80000, 0x0000028e67ab8000)

Polling page: 0x0000028e4bde0000

Metaspace:

Usage:
  Non-class:     36.65 MB capacity,    36.40 MB (>99%) used,   192.74 KB ( <1%) free+waste,    58.81 KB ( <1%) overhead. 
      Class:      5.06 MB capacity,     4.87 MB ( 96%) used,   166.43 KB (  3%) free+waste,    26.06 KB ( <1%) overhead. 
       Both:     41.71 MB capacity,    41.27 MB ( 99%) used,   359.17 KB ( <1%) free+waste,    84.88 KB ( <1%) overhead. 

Virtual space:
  Non-class space:       38.00 MB reserved,      36.75 MB ( 97%) committed 
      Class space:        1.00 GB reserved,       5.17 MB ( <1%) committed 
             Both:        1.04 GB reserved,      41.92 MB (  4%) committed 

Chunk freelists:
   Non-Class:  42.00 KB
       Class:  1.00 KB
        Both:  43.00 KB

MaxMetaspaceSize: 17179869184.00 GB
CompressedClassSpaceSize: 1.00 GB
Initial GC threshold: 20.80 MB
Current GC threshold: 59.00 MB
CDS: off

CodeHeap 'non-profiled nmethods': size=120000Kb used=1328Kb max_used=1328Kb free=118671Kb
 bounds [0x0000028e58ad0000, 0x0000028e58d40000, 0x0000028e60000000]
CodeHeap 'profiled nmethods': size=120000Kb used=5521Kb max_used=5521Kb free=114479Kb
 bounds [0x0000028e515a0000, 0x0000028e51b10000, 0x0000028e58ad0000]
CodeHeap 'non-nmethods': size=5760Kb used=1279Kb max_used=1316Kb free=4481Kb
 bounds [0x0000028e51000000, 0x0000028e51270000, 0x0000028e515a0000]
 total_blobs=3440 nmethods=2889 adapters=463
 compilation: enabled
              stopped_count=0, restarted_count=0
 full_count=0

Compilation events (20 events):
Event: 2.171 Thread 0x0000028e6ae9e000 nmethod 2883 0x0000028e58c1b510 code [0x0000028e58c1b6c0, 0x0000028e58c1b778]
Event: 2.171 Thread 0x0000028e6ae9e000 2881       3       org.jetbrains.kotlin.container.ComponentResolveContext::<init> (17 bytes)
Event: 2.172 Thread 0x0000028e6ae9e000 nmethod 2881 0x0000028e51afeb10 code [0x0000028e51afedc0, 0x0000028e51affa78]
Event: 2.172 Thread 0x0000028e6ae9e000 2882       1       org.jetbrains.kotlin.container.SingletonDescriptor::getShouldInjectProperties (2 bytes)
Event: 2.172 Thread 0x0000028e6ae9e000 nmethod 2882 0x0000028e58c1b810 code [0x0000028e58c1b9c0, 0x0000028e58c1ba78]
Event: 2.172 Thread 0x0000028e6ae9e000 2886       3       org.jetbrains.kotlin.com.intellij.util.containers.MultiMap::createCollection (8 bytes)
Event: 2.172 Thread 0x0000028e6ae9e000 nmethod 2886 0x0000028e51affe90 code [0x0000028e51b00060, 0x0000028e51b00338]
Event: 2.172 Thread 0x0000028e6ae9e000 2885       3       org.jetbrains.kotlin.container.StorageComponentContainer::registerDescriptors$container (20 bytes)
Event: 2.172 Thread 0x0000028e6ae9e000 nmethod 2885 0x0000028e51b00490 code [0x0000028e51b006e0, 0x0000028e51b00f18]
Event: 2.172 Thread 0x0000028e6ae9e000 2887       3       kotlin.collections.CollectionsKt__MutableCollectionsKt::addAll (74 bytes)
Event: 2.173 Thread 0x0000028e6ae9e000 nmethod 2887 0x0000028e51b01210 code [0x0000028e51b01540, 0x0000028e51b02788]
Event: 2.173 Thread 0x0000028e6ae9e000 2889       3       kotlin.SynchronizedLazyImpl::<init> (34 bytes)
Event: 2.173 Thread 0x0000028e6ae9e000 nmethod 2889 0x0000028e51b02d10 code [0x0000028e51b02f40, 0x0000028e51b036d8]
Event: 2.173 Thread 0x0000028e6ae9e000 2888       1       org.jetbrains.kotlin.container.SetterInfo::getParameters (5 bytes)
Event: 2.173 Thread 0x0000028e6ae9e000 nmethod 2888 0x0000028e58c1bb10 code [0x0000028e58c1bcc0, 0x0000028e58c1bd78]
Event: 2.173 Thread 0x0000028e6ae9e000 2891       3       org.jetbrains.kotlin.container.SingletonDescriptor::setState (12 bytes)
Event: 2.173 Thread 0x0000028e6ae9e000 nmethod 2891 0x0000028e51b03990 code [0x0000028e51b03bc0, 0x0000028e51b041d8]
Event: 2.173 Thread 0x0000028e6ae9e000 2890       1       org.jetbrains.kotlin.resolve.ImportPath::getFqName (5 bytes)
Event: 2.173 Thread 0x0000028e6ae9e000 nmethod 2890 0x0000028e58c1be10 code [0x0000028e58c1bfc0, 0x0000028e58c1c078]
Event: 2.173 Thread 0x0000028e6ae9e000 2892       3       org.jetbrains.kotlin.container.StorageComponentContainer::createResolveContext (40 bytes)

GC Heap History (9 events):
Event: 0.442 GC heap before
{Heap before GC invocations=0 (full 0):
 garbage-first heap   total 194560K, used 28672K [0x0000000743200000, 0x0000000800000000)
  region size 1024K, 24 young (24576K), 0 survivors (0K)
 Metaspace       used 12136K, capacity 12280K, committed 12544K, reserved 1060864K
  class space    used 1120K, capacity 1175K, committed 1280K, reserved 1048576K
}
Event: 0.445 GC heap after
{Heap after GC invocations=1 (full 0):
 garbage-first heap   total 194560K, used 6691K [0x0000000743200000, 0x0000000800000000)
  region size 1024K, 3 young (3072K), 3 survivors (3072K)
 Metaspace       used 12136K, capacity 12280K, committed 12544K, reserved 1060864K
  class space    used 1120K, capacity 1175K, committed 1280K, reserved 1048576K
}
Event: 0.944 GC heap before
{Heap before GC invocations=1 (full 0):
 garbage-first heap   total 194560K, used 45603K [0x0000000743200000, 0x0000000800000000)
  region size 1024K, 42 young (43008K), 3 survivors (3072K)
 Metaspace       used 21047K, capacity 21200K, committed 21296K, reserved 1069056K
  class space    used 2229K, capacity 2308K, committed 2352K, reserved 1048576K
}
Event: 0.952 GC heap after
{Heap after GC invocations=2 (full 0):
 garbage-first heap   total 194560K, used 10395K [0x0000000743200000, 0x0000000800000000)
  region size 1024K, 7 young (7168K), 7 survivors (7168K)
 Metaspace       used 21047K, capacity 21200K, committed 21296K, reserved 1069056K
  class space    used 2229K, capacity 2308K, committed 2352K, reserved 1048576K
}
Event: 1.663 GC heap before
{Heap before GC invocations=3 (full 0):
 garbage-first heap   total 194560K, used 69787K [0x0000000743200000, 0x0000000800000000)
  region size 1024K, 59 young (60416K), 7 survivors (7168K)
 Metaspace       used 33889K, capacity 34372K, committed 34608K, reserved 1079296K
  class space    used 4183K, capacity 4369K, committed 4400K, reserved 1048576K
}
Event: 1.676 GC heap after
{Heap after GC invocations=4 (full 0):
 garbage-first heap   total 194560K, used 22874K [0x0000000743200000, 0x0000000800000000)
  region size 1024K, 8 young (8192K), 8 survivors (8192K)
 Metaspace       used 33889K, capacity 34372K, committed 34608K, reserved 1079296K
  class space    used 4183K, capacity 4369K, committed 4400K, reserved 1048576K
}
Event: 1.796 GC heap before
{Heap before GC invocations=4 (full 0):
 garbage-first heap   total 194560K, used 33114K [0x0000000743200000, 0x0000000800000000)
  region size 1024K, 19 young (19456K), 8 survivors (8192K)
 Metaspace       used 35475K, capacity 35855K, committed 35920K, reserved 1081344K
  class space    used 4347K, capacity 4501K, committed 4528K, reserved 1048576K
}
Event: 1.803 GC heap after
{Heap after GC invocations=5 (full 0):
 garbage-first heap   total 194560K, used 23415K [0x0000000743200000, 0x0000000800000000)
  region size 1024K, 7 young (7168K), 7 survivors (7168K)
 Metaspace       used 35475K, capacity 35855K, committed 35920K, reserved 1081344K
  class space    used 4347K, capacity 4501K, committed 4528K, reserved 1048576K
}
Event: 2.174 GC heap before
{Heap before GC invocations=6 (full 0):
 garbage-first heap   total 194560K, used 58231K [0x0000000743200000, 0x0000000800000000)
  region size 1024K, 41 young (41984K), 7 survivors (7168K)
 Metaspace       used 42264K, capacity 42709K, committed 42928K, reserved 1087488K
  class space    used 4990K, capacity 5183K, committed 5296K, reserved 1048576K
}

Deoptimization events (20 events):
Event: 1.970 Thread 0x0000028e4bd01000 DEOPT PACKING pc=0x0000028e58c0747c sp=0x000000bd822fddb0
Event: 1.970 Thread 0x0000028e4bd01000 DEOPT UNPACKING pc=0x0000028e510085af sp=0x000000bd822fdd48 mode 2
Event: 1.986 Thread 0x0000028e4bd01000 DEOPT PACKING pc=0x0000028e51a7ef2c sp=0x000000bd822fdaf0
Event: 1.986 Thread 0x0000028e4bd01000 DEOPT UNPACKING pc=0x0000028e51049d0e sp=0x000000bd822fcff0 mode 0
Event: 2.009 Thread 0x0000028e4bd01000 Uncommon trap: trap_request=0xffffffd6 fr.pc=0x0000028e58c09510 relative=0x0000000000000530
Event: 2.009 Thread 0x0000028e4bd01000 Uncommon trap: reason=array_check action=maybe_recompile pc=0x0000028e58c09510 method=java.util.AbstractCollection.toArray([Ljava/lang/Object;)[Ljava/lang/Object; @ 116 c2
Event: 2.009 Thread 0x0000028e4bd01000 DEOPT PACKING pc=0x0000028e58c09510 sp=0x000000bd822fd690
Event: 2.009 Thread 0x0000028e4bd01000 DEOPT UNPACKING pc=0x0000028e510085af sp=0x000000bd822fd630 mode 2
Event: 2.009 Thread 0x0000028e4bd01000 Uncommon trap: trap_request=0xffffffd6 fr.pc=0x0000028e58c09510 relative=0x0000000000000530
Event: 2.009 Thread 0x0000028e4bd01000 Uncommon trap: reason=array_check action=maybe_recompile pc=0x0000028e58c09510 method=java.util.AbstractCollection.toArray([Ljava/lang/Object;)[Ljava/lang/Object; @ 116 c2
Event: 2.009 Thread 0x0000028e4bd01000 DEOPT PACKING pc=0x0000028e58c09510 sp=0x000000bd822fd690
Event: 2.009 Thread 0x0000028e4bd01000 DEOPT UNPACKING pc=0x0000028e510085af sp=0x000000bd822fd630 mode 2
Event: 2.009 Thread 0x0000028e4bd01000 Uncommon trap: trap_request=0xffffffd6 fr.pc=0x0000028e58c09510 relative=0x0000000000000530
Event: 2.009 Thread 0x0000028e4bd01000 Uncommon trap: reason=array_check action=maybe_recompile pc=0x0000028e58c09510 method=java.util.AbstractCollection.toArray([Ljava/lang/Object;)[Ljava/lang/Object; @ 116 c2
Event: 2.009 Thread 0x0000028e4bd01000 DEOPT PACKING pc=0x0000028e58c09510 sp=0x000000bd822fd690
Event: 2.009 Thread 0x0000028e4bd01000 DEOPT UNPACKING pc=0x0000028e510085af sp=0x000000bd822fd630 mode 2
Event: 2.009 Thread 0x0000028e4bd01000 Uncommon trap: trap_request=0xffffffd6 fr.pc=0x0000028e58c09510 relative=0x0000000000000530
Event: 2.009 Thread 0x0000028e4bd01000 Uncommon trap: reason=array_check action=maybe_recompile pc=0x0000028e58c09510 method=java.util.AbstractCollection.toArray([Ljava/lang/Object;)[Ljava/lang/Object; @ 116 c2
Event: 2.009 Thread 0x0000028e4bd01000 DEOPT PACKING pc=0x0000028e58c09510 sp=0x000000bd822fd690
Event: 2.009 Thread 0x0000028e4bd01000 DEOPT UNPACKING pc=0x0000028e510085af sp=0x000000bd822fd630 mode 2

Classes redefined (0 events):
No events

Internal exceptions (20 events):
Event: 0.724 Thread 0x0000028e4bd01000 Exception <a 'java/lang/NoSuchMethodError'{0x000000074d98dc78}: 'long java.lang.invoke.DelegatingMethodHandle$Holder.reinvoke_L(java.lang.Object, java.lang.Object, java.lang.Object)'> (0x000000074d98dc78) thrown at [src/hotspot/share/interpreter/linkResolver.cpp, line 773]
Event: 0.725 Thread 0x0000028e4bd01000 Exception <a 'java/lang/NoSuchMethodError'{0x000000074d997938}: 'int java.lang.invoke.DirectMethodHandle$Holder.invokeSpecial(java.lang.Object, java.lang.Object, java.lang.Object, java.lang.Object)'> (0x000000074d997938) thrown at [src/hotspot/share/interpreter/linkResolver.cpp, line 773]
Event: 0.726 Thread 0x0000028e4bd01000 Exception <a 'java/lang/NoSuchMethodError'{0x000000074d9a6718}: 'int java.lang.invoke.DelegatingMethodHandle$Holder.reinvoke_L(java.lang.Object, java.lang.Object, java.lang.Object, long, int)'> (0x000000074d9a6718) thrown at [src/hotspot/share/interpreter/linkResolver.cpp, line 773]
Event: 0.899 Thread 0x0000028e4bd01000 Exception <a 'java/lang/NoSuchMethodError'{0x000000074cbfb248}: 'java.lang.Object java.lang.invoke.DirectMethodHandle$Holder.invokeStaticInit(java.lang.Object, int)'> (0x000000074cbfb248) thrown at [src/hotspot/share/interpreter/linkResolver.cpp, line 773]
Event: 0.918 Thread 0x0000028e4bd01000 Exception <a 'java/lang/NoSuchMethodError'{0x000000074c9d6838}: 'long java.lang.invoke.DirectMethodHandle$Holder.invokeStatic(java.lang.Object)'> (0x000000074c9d6838) thrown at [src/hotspot/share/interpreter/linkResolver.cpp, line 773]
Event: 0.918 Thread 0x0000028e4bd01000 Exception <a 'java/lang/NoSuchMethodError'{0x000000074c9d9690}: 'long java.lang.invoke.DirectMethodHandle$Holder.invokeStaticInit(java.lang.Object)'> (0x000000074c9d9690) thrown at [src/hotspot/share/interpreter/linkResolver.cpp, line 773]
Event: 0.933 Thread 0x0000028e4bd01000 Exception <a 'java/lang/NoSuchMethodError'{0x000000074c74acd0}: 'int java.lang.invoke.DirectMethodHandle$Holder.invokeSpecialIFC(java.lang.Object, java.lang.Object, int)'> (0x000000074c74acd0) thrown at [src/hotspot/share/interpreter/linkResolver.cpp, line 773]
Event: 0.975 Thread 0x0000028e4bd01000 Exception <a 'java/lang/NoSuchMethodError'{0x000000074eeb7958}: 'int java.lang.invoke.DirectMethodHandle$Holder.invokeStaticInit(java.lang.Object, java.lang.Object, java.lang.Object)'> (0x000000074eeb7958) thrown at [src/hotspot/share/interpreter/linkResolver.cpp, line 773]
Event: 0.979 Thread 0x0000028e4bd01000 Exception <a 'java/lang/NoSuchMethodError'{0x000000074eee31d8}: 'int java.lang.invoke.DirectMethodHandle$Holder.invokeStaticInit(java.lang.Object, java.lang.Object)'> (0x000000074eee31d8) thrown at [src/hotspot/share/interpreter/linkResolver.cpp, line 773]
Event: 1.017 Thread 0x0000028e4bd01000 Exception <a 'java/lang/NoSuchMethodError'{0x000000074ecf7ef8}: 'void java.lang.invoke.DirectMethodHandle$Holder.invokeSpecial(java.lang.Object, java.lang.Object)'> (0x000000074ecf7ef8) thrown at [src/hotspot/share/interpreter/linkResolver.cpp, line 773]
Event: 1.149 Thread 0x0000028e4bd01000 Exception <a 'java/lang/NoSuchMethodError'{0x000000074e3aaad8}: 'java.lang.Object java.lang.invoke.DirectMethodHandle$Holder.invokeStatic(java.lang.Object, java.lang.Object, java.lang.Object, java.lang.Object, java.lang.Object, java.lang.Object, java.lang.Object, java.lang.Object, java.lang.Object, java.lang.Object, java.lang.Object, java.lang.Object, java.lang.Object, java.lang.Object, java.lang.Object)'> (0x000000074e3aaad8) thrown at [src/hotspot/share/interpreter/linkResolver.cpp, line 773]
Event: 1.150 Thread 0x0000028e4bd01000 Exception <a 'java/lang/NoSuchMethodError'{0x000000074e3b8ae0}: 'java.lang.Object java.lang.invoke.DirectMethodHandle$Holder.invokeStatic(java.lang.Object, java.lang.Object, java.lang.Object, java.lang.Object, java.lang.Object, java.lang.Object, java.lang.Object, java.lang.Object, java.lang.Object, java.lang.Object, java.lang.Object, java.lang.Object, java.lang.Object, java.lang.Object, java.lang.Object, java.lang.Object)'> (0x000000074e3b8ae0) thrown at [src/hotspot/share/interpreter/linkResolver.cpp, lin
Event: 1.151 Thread 0x0000028e4bd01000 Exception <a 'java/lang/NoSuchMethodError'{0x000000074e3c69f8}: 'java.lang.Object java.lang.invoke.DirectMethodHandle$Holder.invokeSpecial(java.lang.Object, java.lang.Object, int, int, java.lang.Object, java.lang.Object, java.lang.Object)'> (0x000000074e3c69f8) thrown at [src/hotspot/share/interpreter/linkResolver.cpp, line 773]
Event: 1.151 Thread 0x0000028e4bd01000 Exception <a 'java/lang/NoSuchMethodError'{0x000000074e3ca230}: 'java.lang.Object java.lang.invoke.DelegatingMethodHandle$Holder.reinvoke_L(java.lang.Object, int, int, java.lang.Object, java.lang.Object, java.lang.Object)'> (0x000000074e3ca230) thrown at [src/hotspot/share/interpreter/linkResolver.cpp, line 773]
Event: 1.151 Thread 0x0000028e4bd01000 Exception <a 'java/lang/NoSuchMethodError'{0x000000074e3ce5b8}: 'java.lang.Object java.lang.invoke.DirectMethodHandle$Holder.invokeStatic(java.lang.Object, java.lang.Object, java.lang.Object, java.lang.Object, int)'> (0x000000074e3ce5b8) thrown at [src/hotspot/share/interpreter/linkResolver.cpp, line 773]
Event: 1.177 Thread 0x0000028e4bd01000 Exception <a 'java/lang/NoSuchMethodError'{0x000000074e2f5200}: 'void java.lang.invoke.DirectMethodHandle$Holder.invokeStatic(java.lang.Object, java.lang.Object, java.lang.Object, java.lang.Object)'> (0x000000074e2f5200) thrown at [src/hotspot/share/interpreter/linkResolver.cpp, line 773]
Event: 1.221 Thread 0x0000028e4bd01000 Exception <a 'java/lang/NoSuchMethodError'{0x000000074dedb8d0}: 'void java.lang.invoke.DirectMethodHandle$Holder.invokeStaticInit(java.lang.Object, java.lang.Object)'> (0x000000074dedb8d0) thrown at [src/hotspot/share/interpreter/linkResolver.cpp, line 773]
Event: 1.285 Thread 0x0000028e4bd01000 Exception <a 'java/lang/NoSuchMethodError'{0x000000074d9bdc90}: 'void java.lang.invoke.DirectMethodHandle$Holder.invokeVirtual(java.lang.Object, java.lang.Object)'> (0x000000074d9bdc90) thrown at [src/hotspot/share/interpreter/linkResolver.cpp, line 773]
Event: 1.291 Thread 0x0000028e4bd01000 Exception <a 'java/lang/NoSuchMethodError'{0x000000074d8521c0}: 'int java.lang.invoke.DirectMethodHandle$Holder.invokeVirtual(java.lang.Object, java.lang.Object)'> (0x000000074d8521c0) thrown at [src/hotspot/share/interpreter/linkResolver.cpp, line 773]
Event: 1.768 Thread 0x0000028e4bd01000 Exception <a 'java/lang/NoSuchMethodError'{0x000000074e72b070}: 'java.lang.Object java.lang.invoke.DirectMethodHandle$Holder.invokeVirtual(java.lang.Object, java.lang.Object, java.lang.Object)'> (0x000000074e72b070) thrown at [src/hotspot/share/interpreter/linkResolver.cpp, line 773]

Events (20 events):
Event: 2.167 loading class org/jetbrains/kotlin/resolve/calls/results/FlatSignatureForResolvedCallKt done
Event: 2.168 loading class org/jetbrains/kotlin/resolve/calls/results/FlatSignatureForResolvedCallKt$createOverloadingConflictResolver$1
Event: 2.168 loading class org/jetbrains/kotlin/resolve/calls/results/FlatSignatureForResolvedCallKt$createOverloadingConflictResolver$1 done
Event: 2.168 loading class org/jetbrains/kotlin/resolve/calls/results/FlatSignatureForResolvedCallKt$createOverloadingConflictResolver$2
Event: 2.168 loading class org/jetbrains/kotlin/resolve/calls/results/FlatSignatureForResolvedCallKt$createOverloadingConflictResolver$2 done
Event: 2.168 loading class org/jetbrains/kotlin/resolve/calls/inference/ConstraintSystemBuilderImpl
Event: 2.168 loading class org/jetbrains/kotlin/resolve/calls/inference/ConstraintSystemBuilderImpl done
Event: 2.169 loading class org/jetbrains/kotlin/resolve/calls/inference/ConstraintSystemBuilderImpl$Companion
Event: 2.169 loading class org/jetbrains/kotlin/resolve/calls/inference/ConstraintSystemBuilderImpl$Companion done
Event: 2.169 loading class org/jetbrains/kotlin/resolve/calls/results/FlatSignatureForResolvedCallKt$createOverloadingConflictResolver$3
Event: 2.169 loading class org/jetbrains/kotlin/resolve/calls/results/FlatSignatureForResolvedCallKt$createOverloadingConflictResolver$3 done
Event: 2.169 loading class org/jetbrains/kotlin/resolve/calls/results/FlatSignatureForResolvedCallKt$createOverloadingConflictResolver$4
Event: 2.169 loading class org/jetbrains/kotlin/resolve/calls/results/FlatSignatureForResolvedCallKt$createOverloadingConflictResolver$4 done
Event: 2.169 loading class org/jetbrains/kotlin/resolve/calls/results/FlatSignatureForResolvedCallKt$createOverloadingConflictResolver$5
Event: 2.169 loading class org/jetbrains/kotlin/resolve/calls/results/FlatSignatureForResolvedCallKt$createOverloadingConflictResolver$5 done
Event: 2.170 loading class org/jetbrains/kotlin/resolve/CodeAnalyzerInitializer$Companion
Event: 2.170 loading class org/jetbrains/kotlin/resolve/CodeAnalyzerInitializer$Companion done
Event: 2.170 loading class org/jetbrains/kotlin/cli/jvm/config/ClassicFrontendSpecificJvmConfigurationKeys
Event: 2.170 loading class org/jetbrains/kotlin/cli/jvm/config/ClassicFrontendSpecificJvmConfigurationKeys done
Event: 2.173 Executing VM operation: G1CollectForAllocation


Dynamic libraries:
0x00007ff680320000 - 0x00007ff68032a000 	C:\Program Files\Android\Android Studio1\jbr\bin\java.exe
0x00007ff91cde0000 - 0x00007ff91cfe9000 	C:\Windows\SYSTEM32\ntdll.dll
0x00007ff91c300000 - 0x00007ff91c3be000 	C:\Windows\System32\KERNEL32.DLL
0x00007ff91a3e0000 - 0x00007ff91a75b000 	C:\Windows\System32\KERNELBASE.dll
0x00007ff91aaa0000 - 0x00007ff91abb1000 	C:\Windows\System32\ucrtbase.dll
0x00007ff8e7e50000 - 0x00007ff8e7e6b000 	C:\Program Files\Android\Android Studio1\jbr\bin\VCRUNTIME140.dll
0x00007ff8e7e30000 - 0x00007ff8e7e47000 	C:\Program Files\Android\Android Studio1\jbr\bin\jli.dll
0x00007ff91bd00000 - 0x00007ff91bead000 	C:\Windows\System32\USER32.dll
0x00007ff91aa70000 - 0x00007ff91aa96000 	C:\Windows\System32\win32u.dll
0x00007ff91c080000 - 0x00007ff91c0a9000 	C:\Windows\System32\GDI32.dll
0x00007ff907aa0000 - 0x00007ff907d45000 	C:\Windows\WinSxS\amd64_microsoft.windows.common-controls_6595b64144ccf1df_6.0.22000.120_none_9d947278b86cc467\COMCTL32.dll
0x00007ff91a760000 - 0x00007ff91a878000 	C:\Windows\System32\gdi32full.dll
0x00007ff91b340000 - 0x00007ff91b3e3000 	C:\Windows\System32\msvcrt.dll
0x00007ff91abc0000 - 0x00007ff91ac5d000 	C:\Windows\System32\msvcp_win.dll
0x00007ff91cb40000 - 0x00007ff91cb72000 	C:\Windows\System32\IMM32.DLL
0x00007ff8fe450000 - 0x00007ff8fe45c000 	C:\Program Files\Android\Android Studio1\jbr\bin\vcruntime140_1.dll
0x00007ff8dd7c0000 - 0x00007ff8dd84d000 	C:\Program Files\Android\Android Studio1\jbr\bin\msvcp140.dll
0x00007ff8ccc80000 - 0x00007ff8cd83c000 	C:\Program Files\Android\Android Studio1\jbr\bin\server\jvm.dll
0x00007ff91ca80000 - 0x00007ff91cb2e000 	C:\Windows\System32\ADVAPI32.dll
0x00007ff91b040000 - 0x00007ff91b0de000 	C:\Windows\System32\sechost.dll
0x00007ff91c120000 - 0x00007ff91c240000 	C:\Windows\System32\RPCRT4.dll
0x00007ff91cb80000 - 0x00007ff91cb88000 	C:\Windows\System32\PSAPI.DLL
0x00007ff9176d0000 - 0x00007ff917703000 	C:\Windows\SYSTEM32\WINMM.dll
0x00007ff8f8220000 - 0x00007ff8f8229000 	C:\Windows\SYSTEM32\WSOCK32.dll
0x00007ff911680000 - 0x00007ff91168a000 	C:\Windows\SYSTEM32\VERSION.dll
0x00007ff91c0b0000 - 0x00007ff91c11f000 	C:\Windows\System32\WS2_32.dll
0x00007ff9193f0000 - 0x00007ff919408000 	C:\Windows\SYSTEM32\kernel.appcore.dll
0x00007ff8f6b70000 - 0x00007ff8f6b80000 	C:\Program Files\Android\Android Studio1\jbr\bin\verify.dll
0x00007ff917410000 - 0x00007ff917631000 	C:\Windows\SYSTEM32\DBGHELP.DLL
0x00007ff917670000 - 0x00007ff9176a1000 	C:\Windows\SYSTEM32\dbgcore.DLL
0x00007ff91a9f0000 - 0x00007ff91aa6f000 	C:\Windows\System32\bcryptPrimitives.dll
0x00007ff8dde80000 - 0x00007ff8ddea8000 	C:\Program Files\Android\Android Studio1\jbr\bin\java.dll
0x00007ff8f1190000 - 0x00007ff8f119a000 	C:\Program Files\Android\Android Studio1\jbr\bin\jimage.dll
0x00007ff8de220000 - 0x00007ff8de238000 	C:\Program Files\Android\Android Studio1\jbr\bin\zip.dll
0x00007ff91b450000 - 0x00007ff91bc07000 	C:\Windows\System32\SHELL32.dll
0x00007ff918360000 - 0x00007ff918bc5000 	C:\Windows\SYSTEM32\windows.storage.dll
0x00007ff91ac60000 - 0x00007ff91afd8000 	C:\Windows\System32\combase.dll
0x00007ff9181f0000 - 0x00007ff918356000 	C:\Windows\SYSTEM32\wintypes.dll
0x00007ff91cb90000 - 0x00007ff91cc7a000 	C:\Windows\System32\SHCORE.dll
0x00007ff91afe0000 - 0x00007ff91b03d000 	C:\Windows\System32\shlwapi.dll
0x00007ff91a1e0000 - 0x00007ff91a201000 	C:\Windows\SYSTEM32\profapi.dll
0x00007ff8dde60000 - 0x00007ff8dde79000 	C:\Program Files\Android\Android Studio1\jbr\bin\net.dll
0x00007ff914cf0000 - 0x00007ff914e04000 	C:\Windows\SYSTEM32\WINHTTP.dll
0x00007ff9198c0000 - 0x00007ff919927000 	C:\Windows\system32\mswsock.dll
0x00007ff8dd340000 - 0x00007ff8dd353000 	C:\Program Files\Android\Android Studio1\jbr\bin\nio.dll

dbghelp: loaded successfully - version: 4.0.5 - missing functions: none
symbol engine: initialized successfully - sym options: 0x614 - pdb path: .;C:\Program Files\Android\Android Studio1\jbr\bin;C:\Windows\SYSTEM32;C:\Windows\WinSxS\amd64_microsoft.windows.common-controls_6595b64144ccf1df_6.0.22000.120_none_9d947278b86cc467;C:\Program Files\Android\Android Studio1\jbr\bin\server

VM Arguments:
java_command: org.jetbrains.kotlin.cli.jvm.K2JVMCompiler @C:\Users\adria\Proyectos\CatDogSearcher\app\build\20230809_7065720280670251533.compiler.options
java_class_path (initial): C:\Users\adria\.gradle\caches\modules-2\files-2.1\org.jetbrains.kotlin\kotlin-compiler-embeddable\1.8.0\eb9118d4bcceaa2a94b2ae2a33a4ddba7c9a947f\kotlin-compiler-embeddable-1.8.0.jar;C:\Users\adria\.gradle\caches\modules-2\files-2.1\org.jetbrains.kotlin\kotlin-stdlib\1.8.0\1796921c7a3e2e2665a83e6c8d33399336cd39bc\kotlin-stdlib-1.8.0.jar;C:\Users\adria\.gradle\caches\modules-2\files-2.1\org.jetbrains.kotlin\kotlin-script-runtime\1.8.0\b2f7e760d283cb339974851c222a4c1d48f2d3d\kotlin-script-runtime-1.8.0.jar;C:\Users\adria\.gradle\caches\modules-2\files-2.1\org.jetbrains.kotlin\kotlin-reflect\1.6.10\1cbe9c92c12a94eea200d23c2bbaedaf3daf5132\kotlin-reflect-1.6.10.jar;C:\Users\adria\.gradle\caches\modules-2\files-2.1\org.jetbrains.kotlin\kotlin-daemon-embeddable\1.8.0\d255216c551685dc3a7e852b53617f5f01aaaa5c\kotlin-daemon-embeddable-1.8.0.jar;C:\Users\adria\.gradle\caches\modules-2\files-2.1\org.jetbrains.intellij.deps\trove4j\1.0.20200330\3afb14d5f9ceb459d724e907a21145e8ff394f02\trove4j-1.0.20200330.jar;C:\Users\adria\.gradle\caches\modules-2\files-2.1\net.java.dev.jna\jna\5.6.0\330f2244e9030119ab3030fc3fededc86713d9cc\jna-5.6.0.jar;C:\Users\adria\.gradle\caches\modules-2\files-2.1\org.jetbrains.kotlin\kotlin-stdlib-common\1.8.0\f7197e7cc76453ac59f8b0f8d5137cc600becd36\kotlin-stdlib-common-1.8.0.jar;C:\Users\adria\.gradle\caches\modules-2\files-2.1\org.jetbrains\annotations\13.0\919f0dfe192fb4e063e7dacadee7f8bb9a2672a9\annotations-13.0.jar
Launcher Type: SUN_STANDARD

[Global flags]
     intx CICompilerCount                          = 4                                         {product} {ergonomic}
     uint ConcGCThreads                            = 2                                         {product} {ergonomic}
     uint G1ConcRefinementThreads                  = 8                                         {product} {ergonomic}
   size_t G1HeapRegionSize                         = 1048576                                   {product} {ergonomic}
    uintx GCDrainStackTargetSize                   = 64                                        {product} {ergonomic}
   size_t InitialHeapSize                          = 199229440                                 {product} {ergonomic}
   size_t MarkStackSize                            = 4194304                                   {product} {ergonomic}
   size_t MaxHeapSize                              = 3168796672                                {product} {ergonomic}
   size_t MaxNewSize                               = 1901068288                                {product} {ergonomic}
   size_t MinHeapDeltaBytes                        = 1048576                                   {product} {ergonomic}
    uintx NonNMethodCodeHeapSize                   = 5836300                                {pd product} {ergonomic}
    uintx NonProfiledCodeHeapSize                  = 122910970                              {pd product} {ergonomic}
    uintx ProfiledCodeHeapSize                     = 122910970                              {pd product} {ergonomic}
    uintx ReservedCodeCacheSize                    = 251658240                              {pd product} {ergonomic}
     bool SegmentedCodeCache                       = true                                      {product} {ergonomic}
     bool UseCompressedClassPointers               = true                                 {lp64_product} {ergonomic}
     bool UseCompressedOops                        = true                                 {lp64_product} {ergonomic}
     bool UseG1GC                                  = true                                      {product} {ergonomic}
     bool UseLargePagesIndividualAllocation        = false                                  {pd product} {ergonomic}

Logging:
Log output configuration:
 #0: stdout all=warning uptime,level,tags
 #1: stderr all=off uptime,level,tags

Environment Variables:
PATH=C:\Python310\Scripts\;C:\Python310\;C:\Windows\system32;C:\Windows;C:\Windows\System32\Wbem;C:\Windows\System32\WindowsPowerShell\v1.0\;C:\Windows\System32\OpenSSH\;C:\Program Files\Git\cmd;C:\Program Files\nodejs\;C:\ProgramData\chocolatey\bin;C:\Program Files\Microsoft VS Code\bin;C:\Users\adria\AppData\Local\Microsoft\WindowsApps;;C:\Users\adria\AppData\Roaming\npm
USERNAME=Achis
OS=Windows_NT
PROCESSOR_IDENTIFIER=Intel64 Family 6 Model 140 Stepping 1, GenuineIntel



---------------  S Y S T E M  ---------------

OS: Windows 11 , 64 bit Build 22000 (10.0.22000.1335)
OS uptime: 5 days 23:27 hours
Hyper-V role detected

CPU:total 8 (initial active 8) (4 cores per cpu, 2 threads per core) family 6 model 140 stepping 1 microcode 0x9a, cmov, cx8, fxsr, mmx, sse, sse2, sse3, ssse3, sse4.1, sse4.2, popcnt, avx, avx2, aes, clmul, erms, 3dnowpref, lzcnt, ht, tsc, tscinvbit, bmi1, bmi2, adx, evex, sha, fma

Memory: 4k page, system-wide physical 12087M (823M free)
TotalPageFile size 16183M (AvailPageFile size 5M)
current process WorkingSet (physical memory assigned to process): 217M, peak: 217M
current process commit charge ("private bytes"): 359M, peak: 397M

vm_info: OpenJDK 64-Bit Server VM (11.0.15+0-b2043.56-9505619) for windows-amd64 JRE (11.0.15+0-b2043.56-9505619), built on Jan 19 2023 02:48:00 by "builduser" with unknown MS VC++:1929

END.
